[08.06.2023 16:28:03] ================== Main Exception Info ==================
[08.06.2023 16:28:03] Exception Code: C0000005
[08.06.2023 16:28:03] Exception Flags: 0
[08.06.2023 16:28:03] Exception Address: 1800CDE79
[08.06.2023 16:28:03] Exception Signature: 48 39 42 10 74 1C FF C3 3B 9F C8 4F  0  0 72 D7
[08.06.2023 16:28:03] Exception Thread: 22048
[08.06.2023 16:28:03] Exception Param (0): 0
[08.06.2023 16:28:03] Exception Param (1): 16
[08.06.2023 16:28:03] ================== Engine Info ==================
[08.06.2023 16:28:03] Ecosystem: Steam
[08.06.2023 16:28:03] Version: 1.66
[08.06.2023 16:28:03] Uptime: 00:33:14
[08.06.2023 16:28:03] ================== Product Info ==================
[08.06.2023 16:28:03] Build Date: May 31 2023 18:50:59
[08.06.2023 16:28:03] Build Commit: ec9d672
[08.06.2023 16:28:03] ================== Fiber Pools ==================
[08.06.2023 16:28:03] Job Count: 0
[08.06.2023 16:28:03] Fast Job Count: 0
[08.06.2023 16:28:03] Current Fiber: <No>
[08.06.2023 16:28:03] ================== Thread Context 22048 ==================
[08.06.2023 16:28:03] Is Main Thread: Yes
[08.06.2023 16:28:03] 
[08.06.2023 16:28:03] RAX:          98F1CDE
[08.06.2023 16:28:03] RCX:     7FF7C296E810 (GTA5.exe.293E810) (D0 8A B4 C1 F7 7F  0  0  0  0  0  0  0  0  0  0)
[08.06.2023 16:28:03] RDX:                0
[08.06.2023 16:28:03] RBX:                0
[08.06.2023 16:28:03] 
[08.06.2023 16:28:03] RSP:       238DAFE8C0 (238DAFE8C0)
[08.06.2023 16:28:03] RBP:                1
[08.06.2023 16:28:03] RSI:        1807A8508 (1807A8508)
[08.06.2023 16:28:03] RDI:      1940DA98808 (1940DA98808)
[08.06.2023 16:28:03] 
[08.06.2023 16:28:03] R8:                0
[08.06.2023 16:28:03] R9:                4
[08.06.2023 16:28:03] R10:                4
[08.06.2023 16:28:03] R11:      19531FEFFA0 (19531FEFFA0)
[08.06.2023 16:28:03] 
[08.06.2023 16:28:03] R12:        180000000
[08.06.2023 16:28:03] R13:                0
[08.06.2023 16:28:03] R14:                1
[08.06.2023 16:28:03] R15:                0
[08.06.2023 16:28:03] 
[08.06.2023 16:28:03] RIP:        1800CDE79 (1800CDE79) (48 39 42 10 74 1C FF C3 3B 9F C8 4F  0  0 72 D7)
[08.06.2023 16:28:03] 
[08.06.2023 16:28:03] ================== Thread Stack 22048 ==================
[08.06.2023 16:28:03] [Stack] KERNELBASE.dll.243CF  (0x7ff93fc243cf)  |  F 1F 44  0  0 85 C0 78  C B8  1  0  0  0 48 83
[08.06.2023 16:28:03] [Stack] 1804DB2F3  (0x1804db2f3)  | 4C 8D 9C 24 10  D  0  0 49 8B 5B 40 49 8B 73 48
[08.06.2023 16:28:03] [Stack] 1800B72A1  (0x1800b72a1)  | 48 81 C4 D8  0  0  0 5F 5E 5B 5D C3  F 57 C0 C6
[08.06.2023 16:28:03] [Stack] ntdll.dll.3D19A  (0x7ff94244d19a)  | 4C 8B 74 24 38 8B C8 44 8B C0  F B7 D3 FF CA C1
[08.06.2023 16:28:03] [Stack] ntdll.dll.3C7AA  (0x7ff94244c7aa)  | 48 8B F0 48 85 C0  F 84 11  5  0  0 8B 4D 67 85
[08.06.2023 16:28:03] [Stack] 1800B3AE8  (0x1800b3ae8)  | 48 8B C6 48 8B 5C 24 38 48 8B 74 24 40 48 83 C4
[08.06.2023 16:28:03] [Stack] 1800B3AED  (0x1800b3aed)  | 5C 24 38 48 8B 74 24 40 48 83 C4 20 5F C3 48 85
[08.06.2023 16:28:03] [Stack] 1800B3AF1  (0x1800b3af1)  | 8B 74 24 40 48 83 C4 20 5F C3 48 85 DB 74 31 48
[08.06.2023 16:28:03] [Stack] 1800B3AF6  (0x1800b3af6)  | 83 C4 20 5F C3 48 85 DB 74 31 48 89 6C 24 30 4A
[08.06.2023 16:28:03] [Stack] 1800B3AF9  (0x1800b3af9)  | 5F C3 48 85 DB 74 31 48 89 6C 24 30 4A 8D 2C  8
[08.06.2023 16:28:03] [Stack] 1800B3AFD  (0x1800b3afd)  | DB 74 31 48 89 6C 24 30 4A 8D 2C  8  F 1F 80  0
[08.06.2023 16:28:03] [Stack] 18061F810  (0x18061f810)  | 48 85 C0 74 D4 EB  D E8 24 E3 FD FF C7  0  C  0
[08.06.2023 16:28:03] [Stack] 1805EB107  (0x1805eb107)  | 48 85 C0 74 E7 48 83 C4 20 5B C3 48 83 FB FF 74
[08.06.2023 16:28:03] [Stack] 1800B2030  (0x1800b2030)  | C6  4 2B  0 48 8B 6C 24 20 48 83 C4 28 41 5E 5F
[08.06.2023 16:28:03] [Stack] 1800BDF42  (0x1800bdf42)  | 48 8B 5C 24 70 48 8B C6 48 8B B4 24 80  0  0  0
[08.06.2023 16:28:03] [Stack] 1800B8686  (0x1800b8686)  | 48 8B C3 48 83 C4 20 5B C3 CC E9 EB 72 FF FF CC
[08.06.2023 16:28:03] [Stack] 1800C30F0  (0x1800c30f0)  | 48 81 C4 A8  2  0  0 5F 5E 5B 5D C3 E8 A7 73 53
[08.06.2023 16:28:03] [Stack] 1800AF9A1  (0x1800af9a1)  | 48 8D  4 1F 48 8B 5C 24 48 48 83 C4 20 5F C3 48
[08.06.2023 16:28:03] [Stack] 1800B2340  (0x1800b2340)  | 48  1 7B 10 48  3 EF 49 3B EE 75 B7 48 8B 5C 24
[08.06.2023 16:28:03] [Stack] 1800B23C8  (0x1800b23c8)  | 48 89 1F 48 8B C7 48 8B 5C 24 30 48 83 C4 20 5F
[08.06.2023 16:28:03] [Stack] 1800B8C70  (0x1800b8c70)  | 48 81 C4 80  0  0  0 41 5E 5F 5E 5B 5D C3  F 57
[08.06.2023 16:28:03] [Stack] 1800C2B1F  (0x1800c2b1f)  | 48 8B 9C 24 90  0  0  0 48 83 C4 70 5F C3 CC CC
[08.06.2023 16:28:03] [Stack] 1800B72A1  (0x1800b72a1)  | 48 81 C4 D8  0  0  0 5F 5E 5B 5D C3  F 57 C0 C6
[08.06.2023 16:28:03] [Stack] ntdll.dll.3D19A  (0x7ff94244d19a)  | 4C 8B 74 24 38 8B C8 44 8B C0  F B7 D3 FF CA C1
[08.06.2023 16:28:03] [Stack] 1800B2340  (0x1800b2340)  | 48  1 7B 10 48  3 EF 49 3B EE 75 B7 48 8B 5C 24
[08.06.2023 16:28:03] [Stack] 1800CDE7C  (0x1800cde7c)  | 10 74 1C FF C3 3B 9F C8 4F  0  0 72 D7 33 C0 48
[08.06.2023 16:28:03] [Stack] ntdll.dll.3C7AA  (0x7ff94244c7aa)  | 48 8B F0 48 85 C0  F 84 11  5  0  0 8B 4D 67 85
[08.06.2023 16:28:03] [Stack] 1800C30F0  (0x1800c30f0)  | 48 81 C4 A8  2  0  0 5F 5E 5B 5D C3 E8 A7 73 53
[08.06.2023 16:28:03] [Stack] ntdll.dll.1BA00  (0x7ff94242ba00)  | 48 81 C4 B0  2  0  0 41 5F 41 5D 41 5C 5E 5B C3
[08.06.2023 16:28:03] [Stack] 18061F810  (0x18061f810)  | 48 85 C0 74 D4 EB  D E8 24 E3 FD FF C7  0  C  0
[08.06.2023 16:28:03] [Stack] 1805EB107  (0x1805eb107)  | 48 85 C0 74 E7 48 83 C4 20 5B C3 48 83 FB FF 74
[08.06.2023 16:28:03] [Stack] 1800B72A1  (0x1800b72a1)  | 48 81 C4 D8  0  0  0 5F 5E 5B 5D C3  F 57 C0 C6
[08.06.2023 16:28:03] [Stack] 1800B2030  (0x1800b2030)  | C6  4 2B  0 48 8B 6C 24 20 48 83 C4 28 41 5E 5F
[08.06.2023 16:28:03] [Stack] 1800B72A1  (0x1800b72a1)  | 48 81 C4 D8  0  0  0 5F 5E 5B 5D C3  F 57 C0 C6
[08.06.2023 16:28:03] [Stack] 1800B8686  (0x1800b8686)  | 48 8B C3 48 83 C4 20 5B C3 CC E9 EB 72 FF FF CC
[08.06.2023 16:28:03] [Stack] 1800C30F0  (0x1800c30f0)  | 48 81 C4 A8  2  0  0 5F 5E 5B 5D C3 E8 A7 73 53
[08.06.2023 16:28:03] [Stack] 1800B72A1  (0x1800b72a1)  | 48 81 C4 D8  0  0  0 5F 5E 5B 5D C3  F 57 C0 C6
[08.06.2023 16:28:03] [Stack] 1800B72A1  (0x1800b72a1)  | 48 81 C4 D8  0  0  0 5F 5E 5B 5D C3  F 57 C0 C6
[08.06.2023 16:28:03] [Stack] ntdll.dll.3D19A  (0x7ff94244d19a)  | 4C 8B 74 24 38 8B C8 44 8B C0  F B7 D3 FF CA C1
[08.06.2023 16:28:03] [Stack] ntdll.dll.3C7AA  (0x7ff94244c7aa)  | 48 8B F0 48 85 C0  F 84 11  5  0  0 8B 4D 67 85
[08.06.2023 16:28:03] [Stack] ntdll.dll.3BE60  (0x7ff94244be60)  | 85 C0  F 84 39 FC FF FF E9 B5 FE  6  0 48 8D 6A
[08.06.2023 16:28:03] [Stack] ntdll.dll.3BE60  (0x7ff94244be60)  | 85 C0  F 84 39 FC FF FF E9 B5 FE  6  0 48 8D 6A
[08.06.2023 16:28:03] [Stack] ntdll.dll.3AB01  (0x7ff94244ab01)  | 44 8B C8 41 8B C1 48 8B 5C 24 40 48 8B 74 24 48
[08.06.2023 16:28:03] [Stack] ntdll.dll.3AB01  (0x7ff94244ab01)  | 44 8B C8 41 8B C1 48 8B 5C 24 40 48 8B 74 24 48
[08.06.2023 16:28:03] [Stack] 180188076  (0x180188076)  | 48 2B E0 48 8B  5 38 30 60  0 48 33 C4 48 89 84
[08.06.2023 16:28:03] [Stack] 18061F450  (0x18061f450)  | 85 C0 75 16 56 E8  F 6B  9  1 8B C8 E8  B E6 FD
[08.06.2023 16:28:03] [Stack] ntdll.dll.53310  (0x7ff942463310)  | 48 83 C4 48 C3 CC 89 48 68 8B 44 24 50 85 C0 74
[08.06.2023 16:28:03] [Stack] ntdll.dll.3BE60  (0x7ff94244be60)  | 85 C0  F 84 39 FC FF FF E9 B5 FE  6  0 48 8D 6A
[08.06.2023 16:28:03] [Stack] KERNELBASE.dll.26F9D  (0x7ff93fc26f9d)  |  F 1F 44  0  0 8B C3 48 83 C4 20 5B C3 CC CC CC
[08.06.2023 16:28:03] [Stack] KERNELBASE.dll.6E589  (0x7ff93fc6e589)  |  F 1F 44  0  0 33 DB 85 C0 78  F 48 8B 5C 24 58
[08.06.2023 16:28:03] [Stack] 1804DB3EA  (0x1804db3ea)  | 48 83 C4 68 C3 32 C0 48 8B 4C 24 50 48 33 CC E8
[08.06.2023 16:28:03] [Stack] 1804D9A7C  (0x1804d9a7c)  | 84 C0 74 28 48 8B 37 48 8B CE E8 A5 18  0  0 84
[08.06.2023 16:28:03] [Stack] 1804D9D4C  (0x1804d9d4c)  | 48 8B  7 48 8B CF FF 50 28 48 8B B4 24 C0  5  0
[08.06.2023 16:28:03] [Stack] 1800B72A1  (0x1800b72a1)  | 48 81 C4 D8  0  0  0 5F 5E 5B 5D C3  F 57 C0 C6
[08.06.2023 16:28:03] [Stack] ntdll.dll.30033  (0x7ff942440033)  | 24  8 57 48 83 EC 20 48 8D  D 97 4E 15  0 8B FA
[08.06.2023 16:28:03] [Stack] KERNELBASE.dll.6816E  (0x7ff93fc6816e)  | 48 8B 9C 24 A8  0  0  0 48 83 C4 70 5F 5E 5D C3
[08.06.2023 16:28:03] [Stack] ntdll.dll.A0B64  (0x7ff9424b0b64)  | C3 CD 2E C3  F 1F 84  0  0  0  0  0 4C 8B D1 B8
[08.06.2023 16:28:03] [Stack] 1806149D2  (0x1806149d2)  | 85 C0 75 12 52 E8 7A FF FE  0 8B C8 48 8B D3 E8
[08.06.2023 16:28:03] [Stack] 18060F270  (0x18060f270)  | 48 2B E0 48 8B  5 3E BE 17  0 48 33 C4 48 89 84
[08.06.2023 16:28:03] [Stack] 18060F9EB  (0x18060f9eb)  | EB 8D 4A 8B 4C E9 28 4C 8D 4D D4 33 C0 45 8B C7
[08.06.2023 16:28:03] [Stack] ntdll.dll.26AA0  (0x7ff942436aa0)  | 48 89 5C 24 18 48 89 74 24 20 57 48 83 EC 20 83
[08.06.2023 16:28:03] [Stack] 18060F752  (0x18060f752)  | 41 8B C6 EB 34 48 89 5C 24 28 41 C6 41 38  1 41
[08.06.2023 16:28:03] [Stack] 18061F450  (0x18061f450)  | 85 C0 75 16 56 E8  F 6B  9  1 8B C8 E8  B E6 FD
[08.06.2023 16:28:03] [Stack] 1806036D6  (0x1806036d6)  | 3B F8 74  A F0 83 4B 14 10 83 C8 FF EB 11 8B 43
[08.06.2023 16:28:03] [Stack] 180603768  (0x180603768)  | 85 C0 74  5 83 CF FF EB 1F 8B 43 14 C1 E8  B A8
[08.06.2023 16:28:03] [Stack] 1800CDE79  (0x1800cde79)  | 48 39 42 10 74 1C FF C3 3B 9F C8 4F  0  0 72 D7
[08.06.2023 16:28:03] [Stack] ntdll.dll.26AA0  (0x7ff942436aa0)  | 48 89 5C 24 18 48 89 74 24 20 57 48 83 EC 20 83
[08.06.2023 16:28:03] [Stack] 180603613  (0x180603613)  | 8B C7 48 8B 5C 24 30 48 83 C4 20 5F C3 88 4C 24
[08.06.2023 16:28:03] [Stack] 1800CDE79  (0x1800cde79)  | 48 39 42 10 74 1C FF C3 3B 9F C8 4F  0  0 72 D7
[08.06.2023 16:28:03] [Stack] 180603849  (0x180603849)  | 48 83 C4 38 C3 CC CC 48 83 EC 28 48 8B D1 48 85
[08.06.2023 16:28:03] [Stack] 1804D30D9  (0x1804d30d9)  | 85 C0  F 94 C0 48 83 C4 28 C3 CC CC CC CC CC CC
[08.06.2023 16:28:03] [Stack] 1804D99DB  (0x1804d99db)  | 48 8B 9C 24 68  1  0  0 48 81 C4 10  1  0  0 41
[08.06.2023 16:28:03] [Stack] 1800CDE79  (0x1800cde79)  | 48 39 42 10 74 1C FF C3 3B 9F C8 4F  0  0 72 D7
[08.06.2023 16:28:03] [Stack] ntdll.dll.26AA0  (0x7ff942436aa0)  | 48 89 5C 24 18 48 89 74 24 20 57 48 83 EC 20 83
[08.06.2023 16:28:03] [Stack] 1804DBCEF  (0x1804dbcef)  | 44 3B F3 74 19 41 8B D6 48 8B CE E8 D1 CB FF FF
[08.06.2023 16:28:03] [Stack] 1804C9F59  (0x1804c9f59)  | C6  5 53 48 33  0  0 48 83 C4 28 C3 B8  1  0  0
[08.06.2023 16:28:03] [Stack] 1804C9F40  (0x1804c9f40)  | 48 83 EC 28 80 3D 68 48 33  0  0 75 18 C6  5 5F
[08.06.2023 16:28:03] [Stack] 181B19C44  (0x181b19c44)  | 68 7D 4F 94 86 E8 68 27 ED FF 14 68 4B  4 80 CD
[08.06.2023 16:28:03] [Stack] 1808B1B18  (0x1808b1b18)  | 56 66  F CE 49 8B F1 66 41  F BE F4 48 8B 74 24
[08.06.2023 16:28:03] [Stack] ntdll.dll.77A2A  (0x7ff942487a2a)  | 44 8B E8 48 85 ED  F 85 EC 33  5  0 48 8D 2D C3
[08.06.2023 16:28:03] [Stack] 1804C9C00  (0x1804c9c00)  | E9 71 D1 1A  1 CC CC CC CC CC CC CC CC CC CC CC
[08.06.2023 16:28:03] [Stack] GTA5.exe.3573ACD  (0x7ff7c35a3acd)  | 48 83 EC 28 E9 D2 EE 75 FD 74 98  3 4A 48 8B 45
[08.06.2023 16:28:03] [Stack] GTA5.exe.CBAE00  (0x7ff7c0ceae00)  | 90 E9  C 90 C1  2 90 E9 F0 6D  6 CC E9 AE 8B DA
[08.06.2023 16:28:03] [Stack] 18057C10F  (0x18057c10f)  | 48 8B 1D 72 EE 20  0 48 8B  D 63 EE 20  0 FF E1
[08.06.2023 16:28:03] [Stack] ntdll.dll.1E232  (0x7ff94242e232)  | 84 C0  F 85  9  3  0  0 8B 7E  4 48 8D 55 40 48
[08.06.2023 16:28:03] [Stack] GTA5.exe.CBADEC  (0x7ff7c0ceadec)  | E9 EA  B 81  2 48 83 45 40  8 E9 E3 68 94  2 E8
[08.06.2023 16:28:03] [Stack] ntdll.dll.A2CEE  (0x7ff9424b2cee)  | 84 C0 74  C 48 8B CC 33 D2 E8 84 A6 FC FF EB 15
[08.06.2023 16:28:03] [Stack] GTA5.exe.293E810  (0x7ff7c296e810)  | D0 8A B4 C1 F7 7F  0  0  0  0  0  0  0  0  0  0
[08.06.2023 16:28:03] [Stack] 1800CDE79  (0x1800cde79)  | 48 39 42 10 74 1C FF C3 3B 9F C8 4F  0  0 72 D7
[08.06.2023 16:28:03] [Stack] GTA5.exe.CBADEC  (0x7ff7c0ceadec)  | E9 EA  B 81  2 48 83 45 40  8 E9 E3 68 94  2 E8
[08.06.2023 16:28:03] [Stack] 1800CDE79  (0x1800cde79)  | 48 39 42 10 74 1C FF C3 3B 9F C8 4F  0  0 72 D7
[08.06.2023 16:28:03] [Stack] 1800CDE79  (0x1800cde79)  | 48 39 42 10 74 1C FF C3 3B 9F C8 4F  0  0 72 D7
[08.06.2023 16:28:03] [Stack] GTA5.exe.1201E  (0x7ff7c004201e)  | 45 33 C9 3B  5 B1 55 E6  1 7D 2F 44 8B C0 83 E0
[08.06.2023 16:28:03] [Stack] 1803384AF  (0x1803384af)  | 48 83 C4 38 C3 CC CC CC CC CC CC CC CC CC CC CC
[08.06.2023 16:28:03] [Stack] 1803384D1  (0x1803384d1)  | 48 85 C0 75  5 48 83 C4 28 C3 8B  8 48 83 C4 28
[08.06.2023 16:28:03] [Stack] GTA5.exe.31C734  (0x7ff7c034c734)  | FF C3  F B6 C0 2B F0  F B7 47  8 3B D8 7C C6 33
[08.06.2023 16:28:03] [Stack] GTA5.exe.A3F31B  (0x7ff7c0a6f31b)  | 48 8B D8 EB  F 85 C9 75  B 48 8B  5 4D 23 B2  1
[08.06.2023 16:28:03] [Stack] GTA5.exe.682811  (0x7ff7c06b2811)  | 48 8B E8 48 85 C0 74 1E 44 8B C7 8B D3 48 8B CE
[08.06.2023 16:28:03] [Stack] 180130DB9  (0x180130db9)  | 48 85 C0 74  C 48 8B 80 F0  0  0  0 48 83 C4 28
[08.06.2023 16:28:03] [Stack] 1800CF5D1  (0x1800cf5d1)  | FF C3 41 89 6E FC 41 89 3E 41 89 76  4 41 89 76
[08.06.2023 16:28:03] [Stack] 1800CD330  (0x1800cd330)  | 84 C0 74 17 8B 8F 50  8  0  0 BA  2  0  0  0 E8
[08.06.2023 16:28:03] [Stack] 1800CDE6D  (0x1800cde6d)  | 48 8B 94 DF A8 2D  0  0 48 8B 40 10 48 39 42 10
[08.06.2023 16:28:03] [Stack] 1800CF09F  (0x1800cf09f)  | 48 85 C0 48 8B  5  F 72 6D  0  F 95 C1 48 85 C0
[08.06.2023 16:28:03] [Stack] 1800D0457  (0x1800d0457)  | FF C3 48 83 C7  8 83 FB 20  F 82 CA FA FF FF E8
[08.06.2023 16:28:03] [Stack] GTA5.exe.17FC149  (0x7ff7c182c149)  | 85 C0 48  F 4F DF 48  3 FD 48 3B FE 76 E9 4C 8B
[08.06.2023 16:28:03] [Stack] GTA5.exe.2A14C00  (0x7ff7c2a44c00)  |  0  0  0  0  0  0  0  0  0  0  0  0  0  0  0  0
[08.06.2023 16:28:03] [Stack] GTA5.exe.11B19C8  (0x7ff7c11e19c8)  | 8B  2 2B  1 C3 CC CC CC 8B 42  C 3B 41  C 76  6
[08.06.2023 16:28:03] [Stack] GTA5.exe.17FBEB6  (0x7ff7c182beb6)  | 49 FF CD  F 88 F3  1  0  0 4E 8B 64 EC 20 4E 8B
[08.06.2023 16:28:03] [Stack] GTA5.exe.2A15160  (0x7ff7c2a45160)  | 5B  0  0  0  0  0  0  0  0  0  0  0  0  0  0  0
[08.06.2023 16:28:03] [Stack] GTA5.exe.2A14C00  (0x7ff7c2a44c00)  |  0  0  0  0  0  0  0  0  0  0  0  0  0  0  0  0
[08.06.2023 16:28:03] [Stack] GTA5.exe.2A14BB0  (0x7ff7c2a44bb0)  |  1  0  0  0  0  0  0  0 E8 28 B6 C1 F7 7F  0  0
[08.06.2023 16:28:03] [Stack] GTA5.exe.2A14BB0  (0x7ff7c2a44bb0)  |  1  0  0  0  0  0  0  0 E8 28 B6 C1 F7 7F  0  0
[08.06.2023 16:28:03] [Stack] GTA5.exe.1072212  (0x7ff7c10a2212)  | 84 C0 75  9 40 38 B7 C5  0  0  0 75  3 80 CB  1
[08.06.2023 16:28:03] [Stack] GTA5.exe.19C2240  (0x7ff7c19f2240)  |  0  0  0  0  0  0  0  0  0  0  0  0  0  0  0  0
[08.06.2023 16:28:03] [Stack] GTA5.exe.10B3C7A  (0x7ff7c10e3c7a)  | 40 8A F8 33 C0 40 84 FF 74 12 38 83 BC  0  0  0
[08.06.2023 16:28:03] [Stack] GTA5.exe.1096DCF  (0x7ff7c10c6dcf)  | 48 2B E0 33 DB 48 8B F9 BE  1  0  0  0 38 59 18
[08.06.2023 16:28:03] [Stack] GTA5.exe.10AE511  (0x7ff7c10de511)  | 84 C0  F 84 FE 14  0  0 44 38 BE BC  0  0  0  F
[08.06.2023 16:28:03] [Stack] GTA5.exe.1B64D08  (0x7ff7c1b94d08)  | 6D 61 74 63 68 69 64 73  0  0  0  0 73 69 74 69
[08.06.2023 16:28:03] [Stack] KERNELBASE.dll.60E61  (0x7ff93fc60e61)  |  F 1F 44  0  0 33 C9 85 C0  F 99 C1 8B C1 48 83
[08.06.2023 16:28:03] [Stack] GTA5.exe.298A3B0  (0x7ff7c29ba3b0)  | B0 A3 9B C2 F7 7F  0  0 34 95  A C1 F7 7F  0  0
[08.06.2023 16:28:03] [Stack] KERNEL32.DLL.19120  (0x7ff9409b9120)  | 48 8B C4 48 89 58  8 48 89 70 10 57 48 83 EC 30
[08.06.2023 16:28:03] [Stack] GTA5.exe.1082C9E  (0x7ff7c10b2c9e)  | 90 E9 E0 9D A0 FF 90 48 EB DD EB E0 90 32 E9 82
[08.06.2023 16:28:03] [Stack] socialclub.dll.DC526  (0x7ff8d501c526)  | 84 C0 74 1F 41 B1  1 4C 8B C3 48 8B D7 8B CE 48
[08.06.2023 16:28:03] [Stack] GTA5.exe.109360D  (0x7ff7c10c360d)  | 8A  D 78 F3 89  1 45 33 ED 84 C0 74 33 84 C9 75
[08.06.2023 16:28:03] [Stack] GTA5.exe.298A3B0  (0x7ff7c29ba3b0)  | B0 A3 9B C2 F7 7F  0  0 34 95  A C1 F7 7F  0  0
[08.06.2023 16:28:03] [Stack] GTA5.exe.141F774  (0x7ff7c144f774)  | C6 43 20  0 48 83 C4 20 5B C3 CC E8 48 89 5C 24
[08.06.2023 16:28:03] [Stack] GTA5.exe.2A14C00  (0x7ff7c2a44c00)  |  0  0  0  0  0  0  0  0  0  0  0  0  0  0  0  0
[08.06.2023 16:28:03] [Stack] GTA5.exe.14105D0  (0x7ff7c14405d0)  | 4C 8D 9C 24 20  2  0  0 49 8B 5B 18 49 8B 7B 20
[08.06.2023 16:28:03] [Stack] GTA5.exe.2A094C0  (0x7ff7c2a394c0)  |  0  0  0  0  0  0  0  0  0  0  0  0  0  0  0  0
[08.06.2023 16:28:03] [Stack] GTA5.exe.106150A  (0x7ff7c109150a)  | 84 C0  F 84 62  1  0  0 48 8B CB E8 C2 EC  1  0
[08.06.2023 16:28:03] [Stack] GTA5.exe.2A094C0  (0x7ff7c2a394c0)  |  0  0  0  0  0  0  0  0  0  0  0  0  0  0  0  0
[08.06.2023 16:28:03] [Stack] GTA5.exe.10B1C09  (0x7ff7c10e1c09)  | 84 C0  F 84 EA  0  0  0 48 8B  5  0  F 88  1 48
[08.06.2023 16:28:03] [Stack] GTA5.exe.2A094C0  (0x7ff7c2a394c0)  |  0  0  0  0  0  0  0  0  0  0  0  0  0  0  0  0
[08.06.2023 16:28:03] [Stack] GTA5.exe.10B1504  (0x7ff7c10e1504)  | 41 88 44 24 18 84 C0  F 85 3B  5  0  0 BE  1  0
[08.06.2023 16:28:03] [Stack] GTA5.exe.2A09D00  (0x7ff7c2a39d00)  |  0  0  0  0  0  0  0  0  0  0  0  0  0  0  0  0
[08.06.2023 16:28:03] [Stack] GTA5.exe.2A09400  (0x7ff7c2a39400)  |  0  0  0  0  0  0  0  0  0  0  0  0  0  0  0  0
[08.06.2023 16:28:03] [Stack] GTA5.exe.1082C9E  (0x7ff7c10b2c9e)  | 90 E9 E0 9D A0 FF 90 48 EB DD EB E0 90 32 E9 82
[08.06.2023 16:28:03] [Stack] KERNELBASE.dll.60E61  (0x7ff93fc60e61)  |  F 1F 44  0  0 33 C9 85 C0  F 99 C1 8B C1 48 83
[08.06.2023 16:28:03] [Stack] GTA5.exe.1080764  (0x7ff7c10b0764)  | 90 EB F1 CC 33 DB EB DF E9 D4 83 9E FF E9 52 1C
[08.06.2023 16:28:03] [Stack] KERNELBASE.dll.3480E  (0x7ff93fc3480e)  |  F 1F 44  0  0 8B F8 89 44 24 20 85 C0 78 64 85
[08.06.2023 16:28:03] [Stack] KERNELBASE.dll.60E61  (0x7ff93fc60e61)  |  F 1F 44  0  0 33 C9 85 C0  F 99 C1 8B C1 48 83
[08.06.2023 16:28:03] [Stack] GTA5.exe.12E7FA8  (0x7ff7c1317fa8)  | 48 83 C4 28 C3 CC 3F 39 44 8B CA 48 8B 11 4D 6B
[08.06.2023 16:28:03] [Stack] GTA5.exe.2A14BB0  (0x7ff7c2a44bb0)  |  1  0  0  0  0  0  0  0 E8 28 B6 C1 F7 7F  0  0
[08.06.2023 16:28:03] [Stack] GTA5.exe.11B5CF4  (0x7ff7c11e5cf4)  | 48 83 C4 78 41 5F 41 5E 5F 5E 5B 5D C3 CC 48  3
[08.06.2023 16:28:03] [Stack] GTA5.exe.1413D1E  (0x7ff7c1443d1e)  | 48 8B 15 43 B2 8A  1 8B D8 48 83 CB  1 48 85 D2
[08.06.2023 16:28:03] [Stack] KERNELBASE.dll.60E61  (0x7ff93fc60e61)  |  F 1F 44  0  0 33 C9 85 C0  F 99 C1 8B C1 48 83
[08.06.2023 16:28:03] [Stack] KERNEL32.DLL.19120  (0x7ff9409b9120)  | 48 8B C4 48 89 58  8 48 89 70 10 57 48 83 EC 30
[08.06.2023 16:28:03] [Stack] GTA5.exe.3A26B83  (0x7ff7c3a56b83)  | 48 8B 9C 24 B0  0  0  0 E9 75 44 9B FF 48 8B  5
[08.06.2023 16:28:03] [Stack] GTA5.exe.A58155  (0x7ff7c0a88155)  | 44 38 35 83 5B C2  1 8B  D 76 F8 41  2 74 21 8B
[08.06.2023 16:28:03] [Stack] GTA5.exe.1FCF800  (0x7ff7c1fff800)  |  0  0 80 3F  0  0  0  0  0  0  0  0  0  0  0  0
[08.06.2023 16:28:03] [Stack] GTA5.exe.1FCF800  (0x7ff7c1fff800)  |  0  0 80 3F  0  0  0  0  0  0  0  0  0  0  0  0
[08.06.2023 16:28:03] [Stack] GTA5.exe.1FCF800  (0x7ff7c1fff800)  |  0  0 80 3F  0  0  0  0  0  0  0  0  0  0  0  0
[08.06.2023 16:28:03] [Stack] 1800D0B84  (0x1800d0b84)  | EB  7 C6  5 AB 6C 6D  0  0 33 C9 E8 1C 9B 3F  0
[08.06.2023 16:28:03] [Stack] EOSSDK-Win64-Shipping.dll.1348B4  (0x7ff8ca4148b4)  | 48 8B 74 24 20 48 63 44 24 28 4C 8D 3C C6 49 3B
[08.06.2023 16:28:03] [Stack] KERNELBASE.dll.60E61  (0x7ff93fc60e61)  |  F 1F 44  0  0 33 C9 85 C0  F 99 C1 8B C1 48 83
[08.06.2023 16:28:03] [Stack] GTA5.exe.1F19101  (0x7ff7c1f49101)  |  0  0  0  0  0  0  0  0  0  0  0  0  0  0  0  0
[08.06.2023 16:28:03] [Stack] GTA5.exe.1FCF800  (0x7ff7c1fff800)  |  0  0 80 3F  0  0  0  0  0  0  0  0  0  0  0  0
[08.06.2023 16:28:03] [Stack] KERNEL32.DLL.19120  (0x7ff9409b9120)  | 48 8B C4 48 89 58  8 48 89 70 10 57 48 83 EC 30
[08.06.2023 16:28:03] [Stack] KERNEL32.DLL.183DF  (0x7ff9409b83df)  |  F 1F 44  0  0 B9  8  0 FE 7F 48 B8 4B 59 86 38
[08.06.2023 16:28:03] [Stack] GTA5.exe.1605C37  (0x7ff7c1635c37)  | 48 8B 5B 18 48 85 DB 75 EE 48 83 C4 20 5B C3 90
[08.06.2023 16:28:03] [Stack] GTA5.exe.1F19101  (0x7ff7c1f49101)  |  0  0  0  0  0  0  0  0  0  0  0  0  0  0  0  0
[08.06.2023 16:28:03] [Stack] GTA5.exe.27636  (0x7ff7c0057636)  | E8 A5 5D 5A  0 C6  5 42 76 DA  1  1 48 8D  D 37
[08.06.2023 16:28:03] [Stack] GTA5.exe.1F19140  (0x7ff7c1f49140)  | 98 11 9F C1 F7 7F  0  0 26 5F F4 44 59 62 F4 44
[08.06.2023 16:28:03] [Stack] GTA5.exe.1F19101  (0x7ff7c1f49101)  |  0  0  0  0  0  0  0  0  0  0  0  0  0  0  0  0
[08.06.2023 16:28:03] [Stack] GTA5.exe.20D4B  (0x7ff7c0050d4b)  | B9  5  0  0  0 E8  F 8F 93  0 48 8D  D A4 62 F1
[08.06.2023 16:28:03] [Stack] GTA5.exe.1F19140  (0x7ff7c1f49140)  | 98 11 9F C1 F7 7F  0  0 26 5F F4 44 59 62 F4 44
[08.06.2023 16:28:03] [Stack] GTA5.exe.1605840  (0x7ff7c1635840)  | 8B C8 85 C9  F 84 50 FF FF FF 48 8B 5C 24 30 48
[08.06.2023 16:28:03] [Stack] GTA5.exe.1F19140  (0x7ff7c1f49140)  | 98 11 9F C1 F7 7F  0  0 26 5F F4 44 59 62 F4 44
[08.06.2023 16:28:03] [Stack] GTA5.exe.12E03EB  (0x7ff7c13103eb)  | 40 8A F8 40 8A C7 48 8B 5C 24 50 48 83 C4 20 5F
[08.06.2023 16:28:03] [Stack] GTA5.exe.1494  (0x7ff7c0031494)  | 83 F8  2  F 95 C0 48 83 C4 28 C3 48 8B 41 10 E9
[08.06.2023 16:28:03] [Stack] GTA5.exe.12E0267  (0x7ff7c1310267)  | 84 C0 75 F6 E8  C  0  0  0 8B  5 92 D1 77  1 48
[08.06.2023 16:28:03] [Stack] GTA5.exe.2B211D0  (0x7ff7c2b511d0)  | 18 43 1D  0 94  1  0  0 D2 11 AD C2 F7 7F  0  0
[08.06.2023 16:28:03] [Stack] GTA5.exe.19C0AC8  (0x7ff7c19f0ac8)  |  0  0  0  0  0  0  0  0  0  0  0  0  0  0  0  0
[08.06.2023 16:28:03] [Stack] GTA5.exe.17F7EA4  (0x7ff7c1827ea4)  | 8B F8 89 44 24 20 85 DB 75  7 8B C8 E8 F7 D3  0
[08.06.2023 16:28:03] [Stack] KERNEL32.DLL.126AD  (0x7ff9409b26ad)  | 8B C8 48 FF 15 3A 26  7  0  F 1F 44  0  0 CC 48
[08.06.2023 16:28:03] [Stack] ntdll.dll.5A9F8  (0x7ff94246a9f8)  | EB 1F 48 8B D1 49 8B C8 E8 6B 3E  4  0 8B C8 E8
