[06.06.2023 00:48:18] ================== Main Exception Info ==================
[06.06.2023 00:48:18] Exception Code: C0000005
[06.06.2023 00:48:18] Exception Flags: 0
[06.06.2023 00:48:18] Exception Address: GTA5.exe.10B4E9E
[06.06.2023 00:48:18] Exception Address (2): 1800D0BD6
[06.06.2023 00:48:18] Exception Signature: 8B  8 8B C1 83 E0  A 84 C0 75 22 F7 C1  0  0  A
[06.06.2023 00:48:18] Exception Thread: 17724
[06.06.2023 00:48:18] Exception Param (0): 0
[06.06.2023 00:48:18] Exception Param (1): 0
[06.06.2023 00:48:18] ================== Engine Info ==================
[06.06.2023 00:48:18] Ecosystem: Steam
[06.06.2023 00:48:18] Version: 1.66
[06.06.2023 00:48:18] Uptime: 00:38:45
[06.06.2023 00:48:18] ================== Product Info ==================
[06.06.2023 00:48:18] Build Date: May 31 2023 18:50:59
[06.06.2023 00:48:18] Build Commit: ec9d672
[06.06.2023 00:48:18] ================== Fiber Pools ==================
[06.06.2023 00:48:18] Job Count: 0
[06.06.2023 00:48:18] Fast Job Count: 0
[06.06.2023 00:48:18] Current Fiber: <No>
[06.06.2023 00:48:18] ================== Thread Context 17724 ==================
[06.06.2023 00:48:18] Is Main Thread: Yes
[06.06.2023 00:48:18] 
[06.06.2023 00:48:18] RAX:                0
[06.06.2023 00:48:18] RCX:      1F011C35E90 (1F011C35E90)
[06.06.2023 00:48:18] RDX:     7FF7FB713948 (GTA5.exe.29C3948) ( 0  0  0  0  0  0  0  0  0  0  0  0  0  0  0  0)
[06.06.2023 00:48:18] RBX:                0
[06.06.2023 00:48:18] 
[06.06.2023 00:48:18] RSP:       E52AD3D630 (E52AD3D630)
[06.06.2023 00:48:18] RBP:       E52AD3D730 (E52AD3D730)
[06.06.2023 00:48:18] RSI:     7FF7FB6D0970 (GTA5.exe.2980970) (70  9 6D FB F7 7F  0  0 CC C5 DD F9 F7 7F  0  0)
[06.06.2023 00:48:18] RDI:         FFFFFF01
[06.06.2023 00:48:18] 
[06.06.2023 00:48:18] R8:                0
[06.06.2023 00:48:18] R9:                0
[06.06.2023 00:48:18] R10:                0
[06.06.2023 00:48:18] R11:                2
[06.06.2023 00:48:18] 
[06.06.2023 00:48:18] R12:                1
[06.06.2023 00:48:18] R13:                1
[06.06.2023 00:48:18] R14:     7FF7FB68E810 (GTA5.exe.293E810) (D0 8A 86 FA F7 7F  0  0  0  0  0  0  0  0  0  0)
[06.06.2023 00:48:18] R15:     7FF7FB6D09E8 (GTA5.exe.29809E8) (98  9 6D FB F7 7F  0  0 98  9 6D FB F7 7F  0  0)
[06.06.2023 00:48:18] 
[06.06.2023 00:48:18] RIP:     7FF7F9E04E9E (GTA5.exe.10B4E9E) (8B  8 8B C1 83 E0  A 84 C0 75 22 F7 C1  0  0  A)
[06.06.2023 00:48:18] 
[06.06.2023 00:48:18] ================== Thread Stack 17724 ==================
[06.06.2023 00:48:18] [Stack] KERNELBASE.dll.243CF  (0x7ffddc0843cf)  |  F 1F 44  0  0 85 C0 78  C B8  1  0  0  0 48 83
[06.06.2023 00:48:18] [Stack] 1804DB2F3  (0x1804db2f3)  | 4C 8D 9C 24 10  D  0  0 49 8B 5B 40 49 8B 73 48
[06.06.2023 00:48:18] [Stack] 1800B72A1  (0x1800b72a1)  | 48 81 C4 D8  0  0  0 5F 5E 5B 5D C3  F 57 C0 C6
[06.06.2023 00:48:18] [Stack] ntdll.dll.3D19A  (0x7ffdde66d19a)  | 4C 8B 74 24 38 8B C8 44 8B C0  F B7 D3 FF CA C1
[06.06.2023 00:48:18] [Stack] ntdll.dll.3C7AA  (0x7ffdde66c7aa)  | 48 8B F0 48 85 C0  F 84 11  5  0  0 8B 4D 67 85
[06.06.2023 00:48:18] [Stack] GTA5.exe.14975D6  (0x7ff7fa1e75d6)  | 44  F B7 45 7A B8  1  0  0  0 66 44 89 45  0 39
[06.06.2023 00:48:18] [Stack] 1800B3AE8  (0x1800b3ae8)  | 48 8B C6 48 8B 5C 24 38 48 8B 74 24 40 48 83 C4
[06.06.2023 00:48:18] [Stack] 1800B3AED  (0x1800b3aed)  | 5C 24 38 48 8B 74 24 40 48 83 C4 20 5F C3 48 85
[06.06.2023 00:48:18] [Stack] 1800B3AF1  (0x1800b3af1)  | 8B 74 24 40 48 83 C4 20 5F C3 48 85 DB 74 31 48
[06.06.2023 00:48:18] [Stack] 1800B3AF6  (0x1800b3af6)  | 83 C4 20 5F C3 48 85 DB 74 31 48 89 6C 24 30 4A
[06.06.2023 00:48:18] [Stack] 1800B3AF9  (0x1800b3af9)  | 5F C3 48 85 DB 74 31 48 89 6C 24 30 4A 8D 2C  8
[06.06.2023 00:48:18] [Stack] 1800B3AFD  (0x1800b3afd)  | DB 74 31 48 89 6C 24 30 4A 8D 2C  8  F 1F 80  0
[06.06.2023 00:48:18] [Stack] 18061F810  (0x18061f810)  | 48 85 C0 74 D4 EB  D E8 24 E3 FD FF C7  0  C  0
[06.06.2023 00:48:18] [Stack] 1805EB107  (0x1805eb107)  | 48 85 C0 74 E7 48 83 C4 20 5B C3 48 83 FB FF 74
[06.06.2023 00:48:18] [Stack] 1800B2030  (0x1800b2030)  | C6  4 2B  0 48 8B 6C 24 20 48 83 C4 28 41 5E 5F
[06.06.2023 00:48:18] [Stack] 1800BDF42  (0x1800bdf42)  | 48 8B 5C 24 70 48 8B C6 48 8B B4 24 80  0  0  0
[06.06.2023 00:48:18] [Stack] 1800B8686  (0x1800b8686)  | 48 8B C3 48 83 C4 20 5B C3 CC E9 EB 72 FF FF CC
[06.06.2023 00:48:18] [Stack] 1800C30F0  (0x1800c30f0)  | 48 81 C4 A8  2  0  0 5F 5E 5B 5D C3 E8 A7 73 53
[06.06.2023 00:48:18] [Stack] 1800AF9A1  (0x1800af9a1)  | 48 8D  4 1F 48 8B 5C 24 48 48 83 C4 20 5F C3 48
[06.06.2023 00:48:18] [Stack] 1800B2340  (0x1800b2340)  | 48  1 7B 10 48  3 EF 49 3B EE 75 B7 48 8B 5C 24
[06.06.2023 00:48:18] [Stack] 1800B23C8  (0x1800b23c8)  | 48 89 1F 48 8B C7 48 8B 5C 24 30 48 83 C4 20 5F
[06.06.2023 00:48:18] [Stack] 1800B8C70  (0x1800b8c70)  | 48 81 C4 80  0  0  0 41 5E 5F 5E 5B 5D C3  F 57
[06.06.2023 00:48:18] [Stack] 1800C2B1F  (0x1800c2b1f)  | 48 8B 9C 24 90  0  0  0 48 83 C4 70 5F C3 CC CC
[06.06.2023 00:48:18] [Stack] 1800B72A1  (0x1800b72a1)  | 48 81 C4 D8  0  0  0 5F 5E 5B 5D C3  F 57 C0 C6
[06.06.2023 00:48:18] [Stack] ntdll.dll.3D19A  (0x7ffdde66d19a)  | 4C 8B 74 24 38 8B C8 44 8B C0  F B7 D3 FF CA C1
[06.06.2023 00:48:18] [Stack] 1800B2340  (0x1800b2340)  | 48  1 7B 10 48  3 EF 49 3B EE 75 B7 48 8B 5C 24
[06.06.2023 00:48:18] [Stack] GTA5.exe.10B4EA1  (0x7ff7f9e04ea1)  | C1 83 E0  A 84 C0 75 22 F7 C1  0  0  A  0 75 1A
[06.06.2023 00:48:18] [Stack] ntdll.dll.3C7AA  (0x7ffdde66c7aa)  | 48 8B F0 48 85 C0  F 84 11  5  0  0 8B 4D 67 85
[06.06.2023 00:48:18] [Stack] 1800C30F0  (0x1800c30f0)  | 48 81 C4 A8  2  0  0 5F 5E 5B 5D C3 E8 A7 73 53
[06.06.2023 00:48:18] [Stack] ntdll.dll.1BA00  (0x7ffdde64ba00)  | 48 81 C4 B0  2  0  0 41 5F 41 5D 41 5C 5E 5B C3
[06.06.2023 00:48:18] [Stack] 18061F810  (0x18061f810)  | 48 85 C0 74 D4 EB  D E8 24 E3 FD FF C7  0  C  0
[06.06.2023 00:48:18] [Stack] 1805EB107  (0x1805eb107)  | 48 85 C0 74 E7 48 83 C4 20 5B C3 48 83 FB FF 74
[06.06.2023 00:48:18] [Stack] 1800B72A1  (0x1800b72a1)  | 48 81 C4 D8  0  0  0 5F 5E 5B 5D C3  F 57 C0 C6
[06.06.2023 00:48:18] [Stack] 1800B2030  (0x1800b2030)  | C6  4 2B  0 48 8B 6C 24 20 48 83 C4 28 41 5E 5F
[06.06.2023 00:48:18] [Stack] 1800B72A1  (0x1800b72a1)  | 48 81 C4 D8  0  0  0 5F 5E 5B 5D C3  F 57 C0 C6
[06.06.2023 00:48:18] [Stack] 1800B8686  (0x1800b8686)  | 48 8B C3 48 83 C4 20 5B C3 CC E9 EB 72 FF FF CC
[06.06.2023 00:48:18] [Stack] 1800C30F0  (0x1800c30f0)  | 48 81 C4 A8  2  0  0 5F 5E 5B 5D C3 E8 A7 73 53
[06.06.2023 00:48:18] [Stack] 1800B72A1  (0x1800b72a1)  | 48 81 C4 D8  0  0  0 5F 5E 5B 5D C3  F 57 C0 C6
[06.06.2023 00:48:18] [Stack] 1800B72A1  (0x1800b72a1)  | 48 81 C4 D8  0  0  0 5F 5E 5B 5D C3  F 57 C0 C6
[06.06.2023 00:48:18] [Stack] ntdll.dll.3D19A  (0x7ffdde66d19a)  | 4C 8B 74 24 38 8B C8 44 8B C0  F B7 D3 FF CA C1
[06.06.2023 00:48:18] [Stack] ntdll.dll.3C7AA  (0x7ffdde66c7aa)  | 48 8B F0 48 85 C0  F 84 11  5  0  0 8B 4D 67 85
[06.06.2023 00:48:18] [Stack] ntdll.dll.3BE60  (0x7ffdde66be60)  | 85 C0  F 84 39 FC FF FF E9 B5 FE  6  0 48 8D 6A
[06.06.2023 00:48:18] [Stack] ntdll.dll.3BE60  (0x7ffdde66be60)  | 85 C0  F 84 39 FC FF FF E9 B5 FE  6  0 48 8D 6A
[06.06.2023 00:48:18] [Stack] ntdll.dll.3AB01  (0x7ffdde66ab01)  | 44 8B C8 41 8B C1 48 8B 5C 24 40 48 8B 74 24 48
[06.06.2023 00:48:18] [Stack] ntdll.dll.3AB01  (0x7ffdde66ab01)  | 44 8B C8 41 8B C1 48 8B 5C 24 40 48 8B 74 24 48
[06.06.2023 00:48:18] [Stack] 180188076  (0x180188076)  | 48 2B E0 48 8B  5 38 30 60  0 48 33 C4 48 89 84
[06.06.2023 00:48:18] [Stack] 18061F450  (0x18061f450)  | 85 C0 75 16 56 E8  F 6B  9  1 8B C8 E8  B E6 FD
[06.06.2023 00:48:18] [Stack] ntdll.dll.53310  (0x7ffdde683310)  | 48 83 C4 48 C3 CC 89 48 68 8B 44 24 50 85 C0 74
[06.06.2023 00:48:18] [Stack] ntdll.dll.3BE60  (0x7ffdde66be60)  | 85 C0  F 84 39 FC FF FF E9 B5 FE  6  0 48 8D 6A
[06.06.2023 00:48:18] [Stack] KERNELBASE.dll.26F9D  (0x7ffddc086f9d)  |  F 1F 44  0  0 8B C3 48 83 C4 20 5B C3 CC CC CC
[06.06.2023 00:48:18] [Stack] KERNELBASE.dll.6E589  (0x7ffddc0ce589)  |  F 1F 44  0  0 33 DB 85 C0 78  F 48 8B 5C 24 58
[06.06.2023 00:48:18] [Stack] 1804DB3EA  (0x1804db3ea)  | 48 83 C4 68 C3 32 C0 48 8B 4C 24 50 48 33 CC E8
[06.06.2023 00:48:18] [Stack] 1804D9A7C  (0x1804d9a7c)  | 84 C0 74 28 48 8B 37 48 8B CE E8 A5 18  0  0 84
[06.06.2023 00:48:18] [Stack] 1804D9D4C  (0x1804d9d4c)  | 48 8B  7 48 8B CF FF 50 28 48 8B B4 24 C0  5  0
[06.06.2023 00:48:18] [Stack] 1800B72A1  (0x1800b72a1)  | 48 81 C4 D8  0  0  0 5F 5E 5B 5D C3  F 57 C0 C6
[06.06.2023 00:48:18] [Stack] ntdll.dll.30033  (0x7ffdde660033)  | 24  8 57 48 83 EC 20 48 8D  D 97 4E 15  0 8B FA
[06.06.2023 00:48:18] [Stack] KERNELBASE.dll.6816E  (0x7ffddc0c816e)  | 48 8B 9C 24 A8  0  0  0 48 83 C4 70 5F 5E 5D C3
[06.06.2023 00:48:18] [Stack] ntdll.dll.A0B64  (0x7ffdde6d0b64)  | C3 CD 2E C3  F 1F 84  0  0  0  0  0 4C 8B D1 B8
[06.06.2023 00:48:18] [Stack] 1806149D2  (0x1806149d2)  | 85 C0 75 12 52 E8 7A FF FE  0 8B C8 48 8B D3 E8
[06.06.2023 00:48:18] [Stack] 18060F270  (0x18060f270)  | 48 2B E0 48 8B  5 3E BE 17  0 48 33 C4 48 89 84
[06.06.2023 00:48:18] [Stack] 18060F9EB  (0x18060f9eb)  | EB 8D 4A 8B 4C E9 28 4C 8D 4D D4 33 C0 45 8B C7
[06.06.2023 00:48:18] [Stack] ntdll.dll.26AA0  (0x7ffdde656aa0)  | 48 89 5C 24 18 48 89 74 24 20 57 48 83 EC 20 83
[06.06.2023 00:48:18] [Stack] 18060F752  (0x18060f752)  | 41 8B C6 EB 34 48 89 5C 24 28 41 C6 41 38  1 41
[06.06.2023 00:48:18] [Stack] 18061F450  (0x18061f450)  | 85 C0 75 16 56 E8  F 6B  9  1 8B C8 E8  B E6 FD
[06.06.2023 00:48:18] [Stack] GTA5.exe.29809E8  (0x7ff7fb6d09e8)  | 98  9 6D FB F7 7F  0  0 98  9 6D FB F7 7F  0  0
[06.06.2023 00:48:18] [Stack] 1806036D6  (0x1806036d6)  | 3B F8 74  A F0 83 4B 14 10 83 C8 FF EB 11 8B 43
[06.06.2023 00:48:18] [Stack] 180603768  (0x180603768)  | 85 C0 74  5 83 CF FF EB 1F 8B 43 14 C1 E8  B A8
[06.06.2023 00:48:18] [Stack] GTA5.exe.10B4E9E  (0x7ff7f9e04e9e)  | 8B  8 8B C1 83 E0  A 84 C0 75 22 F7 C1  0  0  A
[06.06.2023 00:48:18] [Stack] ntdll.dll.26AA0  (0x7ffdde656aa0)  | 48 89 5C 24 18 48 89 74 24 20 57 48 83 EC 20 83
[06.06.2023 00:48:18] [Stack] 180603613  (0x180603613)  | 8B C7 48 8B 5C 24 30 48 83 C4 20 5F C3 88 4C 24
[06.06.2023 00:48:18] [Stack] GTA5.exe.10B4E9E  (0x7ff7f9e04e9e)  | 8B  8 8B C1 83 E0  A 84 C0 75 22 F7 C1  0  0  A
[06.06.2023 00:48:18] [Stack] 180603849  (0x180603849)  | 48 83 C4 38 C3 CC CC 48 83 EC 28 48 8B D1 48 85
[06.06.2023 00:48:18] [Stack] 1804D30D9  (0x1804d30d9)  | 85 C0  F 94 C0 48 83 C4 28 C3 CC CC CC CC CC CC
[06.06.2023 00:48:18] [Stack] 1804D99DB  (0x1804d99db)  | 48 8B 9C 24 68  1  0  0 48 81 C4 10  1  0  0 41
[06.06.2023 00:48:18] [Stack] GTA5.exe.10B4E9E  (0x7ff7f9e04e9e)  | 8B  8 8B C1 83 E0  A 84 C0 75 22 F7 C1  0  0  A
[06.06.2023 00:48:18] [Stack] ntdll.dll.26AA0  (0x7ffdde656aa0)  | 48 89 5C 24 18 48 89 74 24 20 57 48 83 EC 20 83
[06.06.2023 00:48:18] [Stack] 1804DBCEF  (0x1804dbcef)  | 44 3B F3 74 19 41 8B D6 48 8B CE E8 D1 CB FF FF
[06.06.2023 00:48:18] [Stack] 180631545  (0x180631545)  | 90 48 83 C4 20 5D C3 CC CC CC CC 48 89 54 24 10
[06.06.2023 00:48:18] [Stack] 1805EE52C  (0x1805ee52c)  | 85 C0 78 7D 7E 74 81 7D  0 63 73 6D E0 75 28 48
[06.06.2023 00:48:18] [Stack] 1800D0C0D  (0x1800d0c0d)  | E9 B9  1  0  0 48 8B 5C 24 28 8B 4B 10 E8 61 1B
[06.06.2023 00:48:18] [Stack] ntdll.dll.20B4A  (0x7ffdde650b4a)  | 85 C0 78 27 45 85 E4 75 36 48 8B 8C 24  0  1  0
[06.06.2023 00:48:18] [Stack] 1800D0C0D  (0x1800d0c0d)  | E9 B9  1  0  0 48 8B 5C 24 28 8B 4B 10 E8 61 1B
[06.06.2023 00:48:18] [Stack] 181E36B68  (0x181e36b68)  | 20  B  D  0 46  E  D  0 B0 75 70  0 60  E  D  0
[06.06.2023 00:48:18] [Stack] 1805EB312  (0x1805eb312)  | 48 8B 5C 24 30 48 8B 6C 24 38 48 8B 74 24 40 48
[06.06.2023 00:48:18] [Stack] 181E33010  (0x181e33010)  |  0 10  0  0 2E 10  0  0 48 52 70  0 30 10  0  0
[06.06.2023 00:48:18] [Stack] ntdll.dll.A3CFF  (0x7ffdde6d3cff)  | 90 48 83 C4 28 C3 CC CC CC CC CC CC  F 1F 44  0
[06.06.2023 00:48:18] [Stack] ntdll.dll.1E456  (0x7ffdde64e456)  | 8B D0 4D 85 E4  F 85 90 88  9  0 8B 4E  4 83 E1
[06.06.2023 00:48:18] [Stack] 1800D0C0D  (0x1800d0c0d)  | E9 B9  1  0  0 48 8B 5C 24 28 8B 4B 10 E8 61 1B
[06.06.2023 00:48:18] [Stack] 181E36B68  (0x181e36b68)  | 20  B  D  0 46  E  D  0 B0 75 70  0 60  E  D  0
[06.06.2023 00:48:18] [Stack] GTA5.exe.14E6E56  (0x7ff7fa236e56)  | 66 3B C6 75 DC  F B7 C6 48 8B 5C 24 30 48 8B 74
[06.06.2023 00:48:18] [Stack] GTA5.exe.1490033  (0x7ff7fa1e0033)  |  2  0  0  F 28 4B 20  F 28 C1  F C6 83 30  2  0
[06.06.2023 00:48:18] [Stack] ntdll.dll.3D19A  (0x7ffdde66d19a)  | 4C 8B 74 24 38 8B C8 44 8B C0  F B7 D3 FF CA C1
[06.06.2023 00:48:18] [Stack] GTA5.exe.241997  (0x7ff7f8f91997)  | 84 C0 74 1C 48 8B 9F C0  3  0  0 48 85 F6 74 10
[06.06.2023 00:48:18] [Stack] GTA5.exe.1FCF800  (0x7ff7fad1f800)  |  0  0 80 3F  0  0  0  0  0  0  0  0  0  0  0  0
[06.06.2023 00:48:18] [Stack] GTA5.exe.1605C37  (0x7ff7fa355c37)  | 48 8B 5B 18 48 85 DB 75 EE 48 83 C4 20 5B C3 90
[06.06.2023 00:48:18] [Stack] 1804C9F13  (0x1804c9f13)  | CC CC CC CC CC CC CC CC CC CC CC CC CC CC CC CC
[06.06.2023 00:48:18] [Stack] 18112F92A  (0x18112f92a)  | 48 87 1C 24 E9 F5 5C 9A FF E3 CA A6 4F 8B F1 80
[06.06.2023 00:48:18] [Stack] 1808B1B18  (0x1808b1b18)  | 56 66  F CE 49 8B F1 66 41  F BE F4 48 8B 74 24
[06.06.2023 00:48:18] [Stack] 1804C9C00  (0x1804c9c00)  | E9 71 D1 1A  1 CC CC CC CC CC CC CC CC CC CC CC
[06.06.2023 00:48:18] [Stack] ntdll.dll.77A86  (0x7ffdde6a7a86)  | 48 85 FF  F 84 E5 FE FF FF E9 CD 34  5  0 4C 8B
[06.06.2023 00:48:18] [Stack] nvwgf2umx.dll.99CB0  (0x7ffd767f9cb0)  | 4C 8B DC 55 41 56 49 8D AB E8 FB FF FF 48 81 EC
[06.06.2023 00:48:18] [Stack] 1804C9C00  (0x1804c9c00)  | E9 71 D1 1A  1 CC CC CC CC CC CC CC CC CC CC CC
[06.06.2023 00:48:18] [Stack] ntdll.dll.5465D  (0x7ffdde68465d)  | 8B 4C 24 68 8B 5C 24 20 83 C1 20 F6 44 24 24  2
[06.06.2023 00:48:18] [Stack] GTA5.exe.293E810  (0x7ff7fb68e810)  | D0 8A 86 FA F7 7F  0  0  0  0  0  0  0  0  0  0
[06.06.2023 00:48:18] [Stack] ntdll.dll.1E2BF  (0x7ffdde64e2bf)  | 48 2B E1 4C 8D 45 30 4D 8B CE 41 8D 94 24  B  0
[06.06.2023 00:48:18] [Stack] GTA5.exe.148AD5E  (0x7ff7fa1dad5e)  | 48 81 C4 C0  0  0  0 5B C3 90 40 53 48 81 EC D0
[06.06.2023 00:48:18] [Stack] 181E36B68  (0x181e36b68)  | 20  B  D  0 46  E  D  0 B0 75 70  0 60  E  D  0
[06.06.2023 00:48:18] [Stack] 1805EB2A8  (0x1805eb2a8)  | 48 8B C4 48 89 58  8 48 89 68 10 48 89 70 18 48
[06.06.2023 00:48:18] [Stack] 1800D0C0D  (0x1800d0c0d)  | E9 B9  1  0  0 48 8B 5C 24 28 8B 4B 10 E8 61 1B
[06.06.2023 00:48:18] [Stack] 1800D0C0D  (0x1800d0c0d)  | E9 B9  1  0  0 48 8B 5C 24 28 8B 4B 10 E8 61 1B
[06.06.2023 00:48:18] [Stack] 181E36B68  (0x181e36b68)  | 20  B  D  0 46  E  D  0 B0 75 70  0 60  E  D  0
[06.06.2023 00:48:18] [Stack] 1805EB2A8  (0x1805eb2a8)  | 48 8B C4 48 89 58  8 48 89 68 10 48 89 70 18 48
[06.06.2023 00:48:18] [Stack] 1800D0B20  (0x1800d0b20)  | 48 89 5C 24 10 48 89 74 24 18 57 41 54 41 55 41
[06.06.2023 00:48:18] [Stack] GTA5.exe.10B5089  (0x7ff7f9e05089)  | CC 48 8B 40 53 48 83 EC 20 80 79 22  0 48 8B D9
[06.06.2023 00:48:18] [Stack] GTA5.exe.303984C  (0x7ff7fbd8984c)  | 10 4A  B  1 89 50  B  1 BC 5F CF  1 8C 50  B  1
[06.06.2023 00:48:18] [Stack] GTA5.exe.30394F8  (0x7ff7fbd894f8)  | 34 D7  A  1 C1 D7  A  1 4C 8C CB  1 C4 D7  A  1
[06.06.2023 00:48:18] [Stack] GTA5.exe.3039468  (0x7ff7fbd89468)  | 34 AF  A  1 9E B8  A  1 80  F D1  1 A0 B8  A  1
[06.06.2023 00:48:18] [Stack] 181E36B68  (0x181e36b68)  | 20  B  D  0 46  E  D  0 B0 75 70  0 60  E  D  0
[06.06.2023 00:48:18] [Stack] GTA5.exe.113822B  (0x7ff7f9e8822b)  |  F B7  D  6 8A 8D  1 66 3B C8  F 85 62  3  0  0
[06.06.2023 00:48:18] [Stack] GTA5.exe.29809E8  (0x7ff7fb6d09e8)  | 98  9 6D FB F7 7F  0  0 98  9 6D FB F7 7F  0  0
[06.06.2023 00:48:18] [Stack] GTA5.exe.293E810  (0x7ff7fb68e810)  | D0 8A 86 FA F7 7F  0  0  0  0  0  0  0  0  0  0
[06.06.2023 00:48:18] [Stack] GTA5.exe.2980970  (0x7ff7fb6d0970)  | 70  9 6D FB F7 7F  0  0 CC C5 DD F9 F7 7F  0  0
[06.06.2023 00:48:18] [Stack] ntdll.dll.A2CEE  (0x7ffdde6d2cee)  | 84 C0 74  C 48 8B CC 33 D2 E8 84 A6 FC FF EB 15
[06.06.2023 00:48:18] [Stack] GTA5.exe.113822B  (0x7ff7f9e8822b)  |  F B7  D  6 8A 8D  1 66 3B C8  F 85 62  3  0  0
[06.06.2023 00:48:18] [Stack] GTA5.exe.29C3948  (0x7ff7fb713948)  |  0  0  0  0  0  0  0  0  0  0  0  0  0  0  0  0
[06.06.2023 00:48:18] [Stack] GTA5.exe.2980970  (0x7ff7fb6d0970)  | 70  9 6D FB F7 7F  0  0 CC C5 DD F9 F7 7F  0  0
[06.06.2023 00:48:18] [Stack] GTA5.exe.293E810  (0x7ff7fb68e810)  | D0 8A 86 FA F7 7F  0  0  0  0  0  0  0  0  0  0
[06.06.2023 00:48:18] [Stack] GTA5.exe.29809E8  (0x7ff7fb6d09e8)  | 98  9 6D FB F7 7F  0  0 98  9 6D FB F7 7F  0  0
[06.06.2023 00:48:18] [Stack] GTA5.exe.10B4E9E  (0x7ff7f9e04e9e)  | 8B  8 8B C1 83 E0  A 84 C0 75 22 F7 C1  0  0  A
[06.06.2023 00:48:18] [Stack] GTA5.exe.6A9140  (0x7ff7f93f9140)  | E9 89  0  0  0 E8 92 9E DC  0 F3  F 10 97 80  8
[06.06.2023 00:48:18] [Stack] GTA5.exe.14A2776  (0x7ff7fa1f2776)  | 84 C0 74 79  F 28 4D 87 48 8D 45 E7 4C 8D 4C 24
[06.06.2023 00:48:18] [Stack] GTA5.exe.6A9620  (0x7ff7f93f9620)  | EB 64 48 85 DB 74  B 48 8B D6 48 8B CB E8 96 F9
[06.06.2023 00:48:18] [Stack] GTA5.exe.12E7FA8  (0x7ff7fa037fa8)  | 48 83 C4 28 C3 CC 3F 39 44 8B CA 48 8B 11 4D 6B
[06.06.2023 00:48:18] [Stack] GTA5.exe.6D439D  (0x7ff7f942439d)  | 40 8A C7 48 8B 9D D0  6  0  0 48 8B B5 D8  6  0
[06.06.2023 00:48:18] [Stack] GTA5.exe.149783F  (0x7ff7fa1e783f)  | E9  2  4  0  0 B9  1  0  0  0 3A C1 75 32 F3  F
[06.06.2023 00:48:18] [Stack] GTA5.exe.14975D6  (0x7ff7fa1e75d6)  | 44  F B7 45 7A B8  1  0  0  0 66 44 89 45  0 39
[06.06.2023 00:48:18] [Stack] GTA5.exe.10B4E9E  (0x7ff7f9e04e9e)  | 8B  8 8B C1 83 E0  A 84 C0 75 22 F7 C1  0  0  A
[06.06.2023 00:48:18] [Stack] GTA5.exe.10B4E9E  (0x7ff7f9e04e9e)  | 8B  8 8B C1 83 E0  A 84 C0 75 22 F7 C1  0  0  A
[06.06.2023 00:48:18] [Stack] GTA5.exe.13E7E9E  (0x7ff7fa137e9e)  | 8A C3 48 8B 5C 24 30 48 83 C4 20 5F C3 CC 48 89
[06.06.2023 00:48:18] [Stack] GTA5.exe.14975D6  (0x7ff7fa1e75d6)  | 44  F B7 45 7A B8  1  0  0  0 66 44 89 45  0 39
[06.06.2023 00:48:18] [Stack] GTA5.exe.12E7FA8  (0x7ff7fa037fa8)  | 48 83 C4 28 C3 CC 3F 39 44 8B CA 48 8B 11 4D 6B
[06.06.2023 00:48:18] [Stack] GTA5.exe.2981830  (0x7ff7fb6d1830)  |  1  0  0  0  0  0  0  0 26 26 4F 8C E6 E5 BA A9
[06.06.2023 00:48:18] [Stack] GTA5.exe.2980970  (0x7ff7fb6d0970)  | 70  9 6D FB F7 7F  0  0 CC C5 DD F9 F7 7F  0  0
[06.06.2023 00:48:18] [Stack] GTA5.exe.13E7E9E  (0x7ff7fa137e9e)  | 8A C3 48 8B 5C 24 30 48 83 C4 20 5F C3 CC 48 89
[06.06.2023 00:48:18] [Stack] GTA5.exe.13EF333  (0x7ff7fa13f333)  | 33 D2 84 C0 74 1D 48 8B 44 24 38 48 83 F8 FF 74
[06.06.2023 00:48:18] [Stack] GTA5.exe.29C1E08  (0x7ff7fb711e08)  | A0 1A 71 FB F7 7F  0  0  0  0  0  0  0  0  0  0
[06.06.2023 00:48:18] [Stack] GTA5.exe.13EF4FF  (0x7ff7fa13f4ff)  | 84 C0 75  5 BB  1  0  0  0 8A C3 48 83 C4 20 5B
[06.06.2023 00:48:18] [Stack] GTA5.exe.29809E8  (0x7ff7fb6d09e8)  | 98  9 6D FB F7 7F  0  0 98  9 6D FB F7 7F  0  0
[06.06.2023 00:48:18] [Stack] GTA5.exe.29BF9D0  (0x7ff7fb70f9d0)  |  5  0  0  0  0  0  0  0 D0 F9 70 FB F7 7F  0  0
[06.06.2023 00:48:18] [Stack] GTA5.exe.1161A7D  (0x7ff7f9eb1a7d)  | 84 C0 74  9 48 8D 87 70 3F  0  0 EB 31 8B B7 60
[06.06.2023 00:48:18] [Stack] GTA5.exe.29BF9D0  (0x7ff7fb70f9d0)  |  5  0  0  0  0  0  0  0 D0 F9 70 FB F7 7F  0  0
[06.06.2023 00:48:18] [Stack] GTA5.exe.2980970  (0x7ff7fb6d0970)  | 70  9 6D FB F7 7F  0  0 CC C5 DD F9 F7 7F  0  0
[06.06.2023 00:48:18] [Stack] GTA5.exe.10B4E97  (0x7ff7f9e04e97)  | 33 DB 40 84 FF 74 2D 8B  8 8B C1 83 E0  A 84 C0
[06.06.2023 00:48:18] [Stack] GTA5.exe.29BF9D0  (0x7ff7fb70f9d0)  |  5  0  0  0  0  0  0  0 D0 F9 70 FB F7 7F  0  0
[06.06.2023 00:48:18] [Stack] GTA5.exe.2980970  (0x7ff7fb6d0970)  | 70  9 6D FB F7 7F  0  0 CC C5 DD F9 F7 7F  0  0
[06.06.2023 00:48:18] [Stack] GTA5.exe.29BF9D0  (0x7ff7fb70f9d0)  |  5  0  0  0  0  0  0  0 D0 F9 70 FB F7 7F  0  0
[06.06.2023 00:48:18] [Stack] GTA5.exe.293E4F0  (0x7ff7fb68e4f0)  | D0 8A 86 FA F7 7F  0  0  0  0  0  0  0  0  0  0
[06.06.2023 00:48:18] [Stack] GTA5.exe.6AB326  (0x7ff7f93fb326)  | 8B 83 48 14  0  0 C1 E8 1E A8  1  F 84 66  1  0
[06.06.2023 00:48:18] [Stack] GTA5.exe.653829  (0x7ff7f93a3829)  | 4C 8B 44 24 40 4C 8B 5C 24 48 48 8B 55 80 44 8B
[06.06.2023 00:48:18] [Stack] GTA5.exe.1B78720  (0x7ff7fa8c8720)  | 20 C1 48 F9 F7 7F  0  0  0  0  0  0  0  0  0  0
[06.06.2023 00:48:18] [Stack] GTA5.exe.1646670  (0x7ff7fa396670)  | 4C 8D 9C 24 B0 10  0  0 8B C3 49 8B 5B 48 41  F
[06.06.2023 00:48:18] [Stack] GTA5.exe.148BCE1  (0x7ff7fa1dbce1)  | 45 33 C9 85 C0 74 40 44 38 4B  E 76 37 41 BA  1
[06.06.2023 00:48:18] [Stack] GTA5.exe.1472C46  (0x7ff7fa1c2c46)  |  F B6 53  E  F B7 4B  C F7 DA C1 FA 1F  B D0 8B
[06.06.2023 00:48:18] [Stack] GTA5.exe.148AD5E  (0x7ff7fa1dad5e)  | 48 81 C4 C0  0  0  0 5B C3 90 40 53 48 81 EC D0
[06.06.2023 00:48:18] [Stack] GTA5.exe.FF1614  (0x7ff7f9d41614)  | 84 C0 74 13 48 83 C9 FF 48 8D BE 10  1  0  0 48
[06.06.2023 00:48:18] [Stack] GTA5.exe.14975D6  (0x7ff7fa1e75d6)  | 44  F B7 45 7A B8  1  0  0  0 66 44 89 45  0 39
[06.06.2023 00:48:18] [Stack] GTA5.exe.103CCCC  (0x7ff7f9d8cccc)  |  F B7 4B 10 48 69 C9 10  1  0  0 48  3 4B  8 48
[06.06.2023 00:48:18] [Stack] GTA5.exe.148BCE1  (0x7ff7fa1dbce1)  | 45 33 C9 85 C0 74 40 44 38 4B  E 76 37 41 BA  1
[06.06.2023 00:48:18] [Stack] GTA5.exe.FF1614  (0x7ff7f9d41614)  | 84 C0 74 13 48 83 C9 FF 48 8D BE 10  1  0  0 48
[06.06.2023 00:48:18] [Stack] GTA5.exe.164B106  (0x7ff7fa39b106)  | 3B C7 74 1B 48 8B 5B  8 48 85 DB 75 E7 33 C0 48
[06.06.2023 00:48:18] [Stack] GTA5.exe.103CCCC  (0x7ff7f9d8cccc)  |  F B7 4B 10 48 69 C9 10  1  0  0 48  3 4B  8 48
[06.06.2023 00:48:18] [Stack] GTA5.exe.107FBBB  (0x7ff7f9dcfbbb)  | 48 85 C0  F 84 E4  0  0  0 48 83 BD A8 10  0  0
[06.06.2023 00:48:18] [Stack] GTA5.exe.12F6BF7  (0x7ff7fa046bf7)  | 84 C0 74 10 48 83 C9 FF 48 8D 7D 28 48 2B CE 48
[06.06.2023 00:48:18] [Stack] GTA5.exe.103CDC7  (0x7ff7f9d8cdc7)  | 33 C0 48 8B 5C 24 70 48 8B 74 24 78 48 83 C4 60
[06.06.2023 00:48:18] [Stack] GTA5.exe.10DF0C2  (0x7ff7f9e2f0c2)  | 84 C0 74 EC 48 8B 43 50 48 85 C0 74  4 48 8B 40
[06.06.2023 00:48:18] [Stack] GTA5.exe.10829C9  (0x7ff7f9dd29c9)  | EB  3 EB D1 CC E9 70 BD  D  0 E9 10  2 49  2 E9
[06.06.2023 00:48:18] [Stack] GTA5.exe.10EEF06  (0x7ff7f9e3ef06)  | 48 85 C0 74  D 48 8B CB 48 83 C4 20 5B E9 60 37
[06.06.2023 00:48:18] [Stack] GTA5.exe.918407  (0x7ff7f9668407)  | 84 C0 74 44 80 3D A5 A6  1  2  0 74 3B E8 F3 F0
[06.06.2023 00:48:18] [Stack] GTA5.exe.10829C9  (0x7ff7f9dd29c9)  | EB  3 EB D1 CC E9 70 BD  D  0 E9 10  2 49  2 E9
[06.06.2023 00:48:18] [Stack] GTA5.exe.111C3A2  (0x7ff7f9e6c3a2)  | 48 8B D8 48 85 C0 74 4D 8B 48 2C 41 B0  1 C1 E9
[06.06.2023 00:48:18] [Stack] GTA5.exe.10708DC  (0x7ff7f9dc08dc)  | 48 85 C0 74 26 48 8B CF E8 2F 6A EB FF 8A 90 41
[06.06.2023 00:48:18] [Stack] GTA5.exe.111C472  (0x7ff7f9e6c472)  | 48 85 C0 74 1E 48 8B 88 D0  0  0  0 48 85 C9 74
[06.06.2023 00:48:18] [Stack] GTA5.exe.107FD2D  (0x7ff7f9dcfd2d)  | 48 85 C0 74 17 48 3B C3 74 12 48 8B D0 48 8B CB
[06.06.2023 00:48:18] [Stack] GTA5.exe.10D1ADF  (0x7ff7f9e21adf)  | 33 D2 84 C0 74  A 38 53 4B 75  5 BA  1  0  0  0
[06.06.2023 00:48:18] [Stack] GTA5.exe.108003E  (0x7ff7f9dd003e)  | 8A D8 E9 85  0  0  0 49 8B 8E D0  0  0  0 48 85
[06.06.2023 00:48:18] [Stack] GTA5.exe.16BA639  (0x7ff7fa40a639)  | 48 85 C0 74 22 83 7F 74  0 75 1C 48 8B  7 48 8B
[06.06.2023 00:48:18] [Stack] GTA5.exe.1082C44  (0x7ff7f9dd2c44)  | 84 C0 74  4 B0  1 EB  2 32 C0 48 83 C4 28 C3 CC
[06.06.2023 00:48:18] [Stack] KERNELBASE.dll.60E61  (0x7ffddc0c0e61)  |  F 1F 44  0  0 33 C9 85 C0  F 99 C1 8B C1 48 83
[06.06.2023 00:48:18] [Stack] GTA5.exe.10F9FF9  (0x7ff7f9e49ff9)  | 48 8B C8 33 C0 48 85 C9 74 21 48 8B 49 50 48 85
[06.06.2023 00:48:18] [Stack] KERNEL32.DLL.19120  (0x7ffddd2d9120)  | 48 8B C4 48 89 58  8 48 89 70 10 57 48 83 EC 30
[06.06.2023 00:48:18] [Stack] KERNEL32.DLL.183DF  (0x7ffddd2d83df)  |  F 1F 44  0  0 B9  8  0 FE 7F 48 B8 4B 59 86 38
[06.06.2023 00:48:18] [Stack] GTA5.exe.10FA03B  (0x7ff7f9e4a03b)  | 33 C9 84 C0 75  E 48 85 DB 74  B 48 39 8B D8 12
[06.06.2023 00:48:18] [Stack] GTA5.exe.16A3471  (0x7ff7fa3f3471)  | 8B  D 8D  D 8C  1 8B D0 F6 C1  1 75 13 83 C9  1
[06.06.2023 00:48:18] [Stack] GTA5.exe.10E63C8  (0x7ff7f9e363c8)  | 84 C0  F 84 13  1  0  0 80 7E 28  3 75  D 83 BE
[06.06.2023 00:48:18] [Stack] GTA5.exe.10B0CE3  (0x7ff7f9e00ce3)  | 3B F8 72 DA 48 8B 5C 24 30 48 83 C4 20 5F C3 CC
[06.06.2023 00:48:18] [Stack] GTA5.exe.16BB31A  (0x7ff7fa40b31a)  | 44 89 68 10 48 81 C4 B8  0  0  0 41 5F 41 5E 41
[06.06.2023 00:48:18] [Stack] KERNELBASE.dll.60E61  (0x7ffddc0c0e61)  |  F 1F 44  0  0 33 C9 85 C0  F 99 C1 8B C1 48 83
[06.06.2023 00:48:18] [Stack] KERNEL32.DLL.19120  (0x7ffddd2d9120)  | 48 8B C4 48 89 58  8 48 89 70 10 57 48 83 EC 30
[06.06.2023 00:48:18] [Stack] KERNEL32.DLL.183DF  (0x7ffddd2d83df)  |  F 1F 44  0  0 B9  8  0 FE 7F 48 B8 4B 59 86 38
[06.06.2023 00:48:18] [Stack] GTA5.exe.293E100  (0x7ff7fb68e100)  | 50 39 69 FB F7 7F  0  0 50 39 69 FB F7 7F  0  0
[06.06.2023 00:48:18] [Stack] GTA5.exe.16BB5E9  (0x7ff7fa40b5e9)  | 40 84 ED  F 84 A3  0  0  0 45 84 F6  F 85 A3  0
[06.06.2023 00:48:18] [Stack] GTA5.exe.6603E9  (0x7ff7f93b03e9)  | E9 A3  1  0  0 48 8B 8B 10  1  0  0 48 85 C9 74
[06.06.2023 00:48:18] [Stack] GTA5.exe.12E7FA8  (0x7ff7fa037fa8)  | 48 83 C4 28 C3 CC 3F 39 44 8B CA 48 8B 11 4D 6B
[06.06.2023 00:48:18] [Stack] KERNELBASE.dll.60E61  (0x7ffddc0c0e61)  |  F 1F 44  0  0 33 C9 85 C0  F 99 C1 8B C1 48 83
[06.06.2023 00:48:18] [Stack] KERNEL32.DLL.19120  (0x7ffddd2d9120)  | 48 8B C4 48 89 58  8 48 89 70 10 57 48 83 EC 30
[06.06.2023 00:48:18] [Stack] KERNEL32.DLL.183DF  (0x7ffddd2d83df)  |  F 1F 44  0  0 B9  8  0 FE 7F 48 B8 4B 59 86 38
[06.06.2023 00:48:18] [Stack] KERNELBASE.dll.60E61  (0x7ffddc0c0e61)  |  F 1F 44  0  0 33 C9 85 C0  F 99 C1 8B C1 48 83
[06.06.2023 00:48:18] [Stack] GTA5.exe.12E7FA8  (0x7ff7fa037fa8)  | 48 83 C4 28 C3 CC 3F 39 44 8B CA 48 8B 11 4D 6B
[06.06.2023 00:48:18] [Stack] GTA5.exe.1156DDD  (0x7ff7f9ea6ddd)  | 33 C9 8B D8 89 45 6F 49 63 86 F0 B8  0  0 89 4D
[06.06.2023 00:48:18] [Stack] GTA5.exe.13E7E9E  (0x7ff7fa137e9e)  | 8A C3 48 8B 5C 24 30 48 83 C4 20 5F C3 CC 48 89
[06.06.2023 00:48:18] [Stack] GTA5.exe.29BF9D0  (0x7ff7fb70f9d0)  |  5  0  0  0  0  0  0  0 D0 F9 70 FB F7 7F  0  0
[06.06.2023 00:48:18] [Stack] GTA5.exe.13EF333  (0x7ff7fa13f333)  | 33 D2 84 C0 74 1D 48 8B 44 24 38 48 83 F8 FF 74
[06.06.2023 00:48:18] [Stack] GTA5.exe.29BF9D0  (0x7ff7fb70f9d0)  |  5  0  0  0  0  0  0  0 D0 F9 70 FB F7 7F  0  0
[06.06.2023 00:48:18] [Stack] GTA5.exe.16AA306  (0x7ff7fa3fa306)  | 48 85 C0 75  5 BB  1  0  0  0 8A C3 48 8B 5C 24
[06.06.2023 00:48:18] [Stack] KERNELBASE.dll.60E61  (0x7ffddc0c0e61)  |  F 1F 44  0  0 33 C9 85 C0  F 99 C1 8B C1 48 83
[06.06.2023 00:48:18] [Stack] KERNEL32.DLL.19120  (0x7ffddd2d9120)  | 48 8B C4 48 89 58  8 48 89 70 10 57 48 83 EC 30
[06.06.2023 00:48:18] [Stack] KERNEL32.DLL.183DF  (0x7ffddd2d83df)  |  F 1F 44  0  0 B9  8  0 FE 7F 48 B8 4B 59 86 38
[06.06.2023 00:48:18] [Stack] GTA5.exe.16B9126  (0x7ff7fa409126)  | 8B C8 8B D8 2B 8E 10 3D  1  0 81 F9 E8  3  0  0
[06.06.2023 00:48:18] [Stack] GTA5.exe.293DC10  (0x7ff7fb68dc10)  | 40 8B 86 FA F7 7F  0  0 30 37 6A FB F7 7F  0  0
[06.06.2023 00:48:18] [Stack] GTA5.exe.293E3A8  (0x7ff7fb68e3a8)  | 10 E8 68 FB F7 7F  0  0 30 EB 68 FB F7 7F  0  0
[06.06.2023 00:48:18] [Stack] GTA5.exe.293E4F0  (0x7ff7fb68e4f0)  | D0 8A 86 FA F7 7F  0  0  0  0  0  0  0  0  0  0
[06.06.2023 00:48:18] [Stack] GTA5.exe.29539F0  (0x7ff7fb6a39f0)  | 68 39 6A FB F7 7F  0  0 30 59 26  B F0  1  0  0
[06.06.2023 00:48:18] [Stack] GTA5.exe.29539F0  (0x7ff7fb6a39f0)  | 68 39 6A FB F7 7F  0  0 30 59 26  B F0  1  0  0
[06.06.2023 00:48:18] [Stack] GTA5.exe.29539F0  (0x7ff7fb6a39f0)  | 68 39 6A FB F7 7F  0  0 30 59 26  B F0  1  0  0
[06.06.2023 00:48:18] [Stack] GTA5.exe.29539F0  (0x7ff7fb6a39f0)  | 68 39 6A FB F7 7F  0  0 30 59 26  B F0  1  0  0
[06.06.2023 00:48:18] [Stack] GTA5.exe.144066D  (0x7ff7fa19066d)  | 48 8B 74 24 38 48 8B C3 48 8B 5C 24 30 48 83 C4
[06.06.2023 00:48:18] [Stack] GTA5.exe.23AAD90  (0x7ff7fb0fad90)  | A1 FF FF BE 19 A8 9D BE 2E 37 4F 3F  0  0  0  0
[06.06.2023 00:48:18] [Stack] GTA5.exe.505799  (0x7ff7f9255799)  | FF C7  F 28 45  0 48 8D 6D 10  F 29 84 2E 40 12
[06.06.2023 00:48:18] [Stack] GTA5.exe.511B9A  (0x7ff7f9261b9a)  | 8B D8 48 83 25 8C BB D8  1  0 48 83 25 8C BB D8
[06.06.2023 00:48:18] [Stack] GTA5.exe.23AC6C0  (0x7ff7fb0fc6c0)  |  0  0  0  0  0  0  0  0  0  0  0  0  0  0  0  0
[06.06.2023 00:48:18] [Stack] GTA5.exe.11791F7  (0x7ff7f9ec91f7)  | B9  7  0  0  0 89 8D 18  7  0  0 3B C1  F 87 DD
[06.06.2023 00:48:18] [Stack] GTA5.exe.2F32008  (0x7ff7fbc82008)  | FC  5  0  0  0  0  0  0 E4  5  0  0  0  0  0  0
[06.06.2023 00:48:18] [Stack] ntdll.dll.3D19A  (0x7ffdde66d19a)  | 4C 8B 74 24 38 8B C8 44 8B C0  F B7 D3 FF CA C1
[06.06.2023 00:48:18] [Stack] ntdll.dll.3C7AA  (0x7ffdde66c7aa)  | 48 8B F0 48 85 C0  F 84 11  5  0  0 8B 4D 67 85
[06.06.2023 00:48:18] [Stack] KERNELBASE.dll.6DC58  (0x7ffddc0cdc58)  |  F 1F 44  0  0 85 C0  F 88  7 1C  8  0 8B C3 48
[06.06.2023 00:48:18] [Stack] socialclub.dll.4B27A8  (0x7ffdce5e27a8)  | 38 1D  A  8 1E  0 8B F8 74 3E E8 99 27 C5 FF 83
[06.06.2023 00:48:18] [Stack] socialclub.dll.48F9D4  (0x7ffdce5bf9d4)  | 48 85 C0 74 D4 EB  D E8 28 BC FE FF C7  0  C  0
[06.06.2023 00:48:18] [Stack] socialclub.dll.496449  (0x7ffdce5c6449)  | EB 58 48 85 D2 75  7 E8 F3 88 FF FF EB 4A 48 83
[06.06.2023 00:48:18] [Stack] socialclub.dll.10AB87  (0x7ffdce23ab87)  | 48 85 C0 74  A 48 89 47  8 B0  1 48 89 5F 18 4C
[06.06.2023 00:48:18] [Stack] socialclub.dll.4AD4AB  (0x7ffdce5dd4ab)  | 84 C0 74 19 48 85 DB 49  F 44 FF 48 85 FF 74  D
[06.06.2023 00:48:18] [Stack] socialclub.dll.4ABD61  (0x7ffdce5dbd61)  | 48 83 C4 38 C3 CC CC CC CC CC CC CC CC CC CC 48
[06.06.2023 00:48:18] [Stack] socialclub.dll.2820B6  (0x7ffdce3b20b6)  | 84 C0 74 21 3B 5F 14 7D 57 8B CB 83 E3 1F 48 C1
[06.06.2023 00:48:18] [Stack] socialclub.dll.4C49D0  (0x7ffdce5f49d0)  | 48 8B 5C 24 50 B0  1 48 8B 6C 24 58 48 8B 74 24
[06.06.2023 00:48:18] [Stack] GTA5.exe.12E7FA8  (0x7ff7fa037fa8)  | 48 83 C4 28 C3 CC 3F 39 44 8B CA 48 8B 11 4D 6B
[06.06.2023 00:48:18] [Stack] socialclub.dll.2BD685  (0x7ffdce3ed685)  | 85 C0 74 1E FF C3 3B DF 7C E1 83 C8 FF 48 8B 5C
[06.06.2023 00:48:18] [Stack] socialclub.dll.4C1818  (0x7ffdce5f1818)  | B0  1 48 81 C4 60  1  0  0 41 5E 41 5D 41 5C 5F
[06.06.2023 00:48:18] [Stack] socialclub.dll.1094F8  (0x7ffdce2394f8)  | 48 8B 47  8 4C 8D 9C 24 20  1  0  0 49 8B 5B 20
[06.06.2023 00:48:18] [Stack] socialclub.dll.10A8A4  (0x7ffdce23a8a4)  | 40 F6 C6  3 74 1A 48 8B C3 48 8D  C 3E 83 E0  3
[06.06.2023 00:48:18] [Stack] GTA5.exe.13E5CF6  (0x7ff7fa135cf6)  | EB  2 32 C0 84 C0 74  F 48 83 7C 24 48  0  F 95
[06.06.2023 00:48:18] [Stack] socialclub.dll.10A8A4  (0x7ffdce23a8a4)  | 40 F6 C6  3 74 1A 48 8B C3 48 8D  C 3E 83 E0  3
[06.06.2023 00:48:18] [Stack] GTA5.exe.11EB961  (0x7ff7f9f3b961)  | 84 C0 74 1A BE  1  0  0  0 40 38 B5  8  1  0  0
[06.06.2023 00:48:18] [Stack] GTA5.exe.1F1F520  (0x7ff7fac6f520)  | 90 AE 89 FA F7 7F  0  0  0  0  0  0  0  0  0  0
[06.06.2023 00:48:18] [Stack] GTA5.exe.1409C5F  (0x7ff7fa159c5f)  | 4C 8D 9C 24 A0  1  0  0 8A C3 49 8B 5B 10 49 8B
[06.06.2023 00:48:18] [Stack] socialclub.dll.1CA306  (0x7ffdce2fa306)  | 48 8B 5C 24 30 48 8B C5 48 8B 6C 24 38 48 8B 74
[06.06.2023 00:48:18] [Stack] GTA5.exe.2CCE440  (0x7ff7fba1e440)  | 60 51 A1 FB F7 7F  0  0 E8 98 B6 FA F7 7F  0  0
[06.06.2023 00:48:18] [Stack] socialclub.dll.4FA39  (0x7ffdce17fa39)  | 85 C0 74 1F FF C3 3B 9F 88  0  0  0 72 D9 B8 FF
[06.06.2023 00:48:18] [Stack] GTA5.exe.2CCE440  (0x7ff7fba1e440)  | 60 51 A1 FB F7 7F  0  0 E8 98 B6 FA F7 7F  0  0
[06.06.2023 00:48:18] [Stack] socialclub.dll.1552EE  (0x7ffdce2852ee)  | 84 C0 74  7 B0  1 48 83 C4 28 C3 32 C0 48 83 C4
[06.06.2023 00:48:18] [Stack] socialclub.dll.54FCF  (0x7ffdce184fcf)  | 40 F6 C6  1 74 5E 48 8B 54 24 38 48 83 FA 10 72
[06.06.2023 00:48:18] [Stack] socialclub.dll.306E80  (0x7ffdce436e80)  | 84 C0 74  B 48 39 5C 24 20 75  4 B0  1 EB 10 44
[06.06.2023 00:48:18] [Stack] GTA5.exe.141F774  (0x7ff7fa16f774)  | C6 43 20  0 48 83 C4 20 5B C3 CC E8 48 89 5C 24
[06.06.2023 00:48:18] [Stack] GTA5.exe.13E0E00  (0x7ff7fa130e00)  | 48 85 C0 74  6 48 8B 40 10 EB 17 48 8B 4D E0 48
[06.06.2023 00:48:18] [Stack] GTA5.exe.11EB927  (0x7ff7f9f3b927)  | EB 56 48 8D BB 4C 55  0  0 80 3F  0 74 4A 48 8D
[06.06.2023 00:48:18] [Stack] GTA5.exe.25C3A30  (0x7ff7fb313a30)  | 80  2 7A FA F7 7F  0  0  0  0  0  0  0  0  0  0
[06.06.2023 00:48:18] [Stack] GTA5.exe.12E7FA8  (0x7ff7fa037fa8)  | 48 83 C4 28 C3 CC 3F 39 44 8B CA 48 8B 11 4D 6B
[06.06.2023 00:48:18] [Stack] GTA5.exe.7E9E7F  (0x7ff7f9539e7f)  | 4C 8D 9C 24 40  9  0  0 48 8B C3 49 8B 5B 38 49
[06.06.2023 00:48:18] [Stack] 18031FB08  (0x18031fb08)  | EB  D BA FF FF FF FF 48 8B CB E8 59 A7 FF FF 41
[06.06.2023 00:48:18] [Stack] GTA5.exe.12E7FA8  (0x7ff7fa037fa8)  | 48 83 C4 28 C3 CC 3F 39 44 8B CA 48 8B 11 4D 6B
[06.06.2023 00:48:18] [Stack] GTA5.exe.29C1A01  (0x7ff7fb711a01)  |  0  0  0  0  0  0  0  0  0  0  0  0  0  0  0  0
[06.06.2023 00:48:18] [Stack] GTA5.exe.29C1E08  (0x7ff7fb711e08)  | A0 1A 71 FB F7 7F  0  0  0  0  0  0  0  0  0  0
[06.06.2023 00:48:18] [Stack] GTA5.exe.13E7E9E  (0x7ff7fa137e9e)  | 8A C3 48 8B 5C 24 30 48 83 C4 20 5F C3 CC 48 89
[06.06.2023 00:48:18] [Stack] GTA5.exe.13EF746  (0x7ff7fa13f746)  | 84 C0 74  5 BB  1  0  0  0 8A C3 48 83 C4 20 5B
[06.06.2023 00:48:18] [Stack] GTA5.exe.29C1F18  (0x7ff7fb711f18)  |  4  0  0  0  0  0  0  0 E9 C1 9C D9 84 2E 93 CC
[06.06.2023 00:48:18] [Stack] GTA5.exe.13EF333  (0x7ff7fa13f333)  | 33 D2 84 C0 74 1D 48 8B 44 24 38 48 83 F8 FF 74
[06.06.2023 00:48:18] [Stack] KERNELBASE.dll.60E61  (0x7ffddc0c0e61)  |  F 1F 44  0  0 33 C9 85 C0  F 99 C1 8B C1 48 83
[06.06.2023 00:48:18] [Stack] GTA5.exe.29BFA00  (0x7ff7fb70fa00)  |  0  0  0  0  0  0  0  0 FF FF FF FF FF FF FF FF
[06.06.2023 00:48:18] [Stack] GTA5.exe.29BF9D0  (0x7ff7fb70f9d0)  |  5  0  0  0  0  0  0  0 D0 F9 70 FB F7 7F  0  0
[06.06.2023 00:48:18] [Stack] KERNEL32.DLL.19120  (0x7ffddd2d9120)  | 48 8B C4 48 89 58  8 48 89 70 10 57 48 83 EC 30
[06.06.2023 00:48:18] [Stack] GTA5.exe.29BF9D0  (0x7ff7fb70f9d0)  |  5  0  0  0  0  0  0  0 D0 F9 70 FB F7 7F  0  0
[06.06.2023 00:48:18] [Stack] KERNEL32.DLL.183DF  (0x7ffddd2d83df)  |  F 1F 44  0  0 B9  8  0 FE 7F 48 B8 4B 59 86 38
[06.06.2023 00:48:18] [Stack] GTA5.exe.29BFA00  (0x7ff7fb70fa00)  |  0  0  0  0  0  0  0  0 FF FF FF FF FF FF FF FF
[06.06.2023 00:48:18] [Stack] GTA5.exe.29BF9D0  (0x7ff7fb70f9d0)  |  5  0  0  0  0  0  0  0 D0 F9 70 FB F7 7F  0  0
[06.06.2023 00:48:18] [Stack] GTA5.exe.118D9B2  (0x7ff7f9edd9b2)  | 8B F5 44 8B E8 45 85 E4  F 8E CB  0  0  0 4C 8D
[06.06.2023 00:48:18] [Stack] GTA5.exe.10B4A2F  (0x7ff7f9e04a2f)  | 48 2B E0 4C 8D 79 78 48 8B F1 49 8B CF E8  7 E0
[06.06.2023 00:48:18] [Stack] XINPUT1_3.dll.139FA  (0x4139fa)  |  0  0  1  9  1  0  9 42  0  0  1  F  2  0  F D2
[06.06.2023 00:48:18] [Stack] GTA5.exe.2980970  (0x7ff7fb6d0970)  | 70  9 6D FB F7 7F  0  0 CC C5 DD F9 F7 7F  0  0
[06.06.2023 00:48:18] [Stack] GTA5.exe.10AD754  (0x7ff7f9dfd754)  | 48 8D 4B 78 E8 EB 52 13  0 84 C0 74  9 48 8D 4B
[06.06.2023 00:48:18] [Stack] XINPUT1_3.dll.13901  (0x413901)  | 42  0  0  1  9  1  0  9 22  0  0  1  E  1  0  E
[06.06.2023 00:48:18] [Stack] GTA5.exe.10AB800  (0x7ff7f9dfb800)  | E8 2B  1 61  0 90 EB 88 90 59 E9 7C 93 56  2 48
[06.06.2023 00:48:18] [Stack] GTA5.exe.A58155  (0x7ff7f97a8155)  | 44 38 35 83 5B C2  1 8B  D 76 F8 41  2 74 21 8B
[06.06.2023 00:48:18] [Stack] GTA5.exe.1FCF800  (0x7ff7fad1f800)  |  0  0 80 3F  0  0  0  0  0  0  0  0  0  0  0  0
[06.06.2023 00:48:18] [Stack] GTA5.exe.1FCF800  (0x7ff7fad1f800)  |  0  0 80 3F  0  0  0  0  0  0  0  0  0  0  0  0
[06.06.2023 00:48:18] [Stack] 1800D0C0D  (0x1800d0c0d)  | E9 B9  1  0  0 48 8B 5C 24 28 8B 4B 10 E8 61 1B
[06.06.2023 00:48:18] [Stack] GTA5.exe.1FCF801  (0x7ff7fad1f801)  |  0 80 3F  0  0  0  0  0  0  0  0  0  0  0  0  0
[06.06.2023 00:48:18] [Stack] EOSSDK-Win64-Shipping.dll.1348B4  (0x7ffd517148b4)  | 48 8B 74 24 20 48 63 44 24 28 4C 8D 3C C6 49 3B
[06.06.2023 00:48:18] [Stack] KERNELBASE.dll.60E61  (0x7ffddc0c0e61)  |  F 1F 44  0  0 33 C9 85 C0  F 99 C1 8B C1 48 83
[06.06.2023 00:48:18] [Stack] GTA5.exe.1F19101  (0x7ff7fac69101)  |  0  0  0  0  0  0  0  0  0  0  0  0  0  0  0  0
[06.06.2023 00:48:18] [Stack] GTA5.exe.1FCF800  (0x7ff7fad1f800)  |  0  0 80 3F  0  0  0  0  0  0  0  0  0  0  0  0
[06.06.2023 00:48:18] [Stack] KERNEL32.DLL.19120  (0x7ffddd2d9120)  | 48 8B C4 48 89 58  8 48 89 70 10 57 48 83 EC 30
[06.06.2023 00:48:18] [Stack] KERNEL32.DLL.183DF  (0x7ffddd2d83df)  |  F 1F 44  0  0 B9  8  0 FE 7F 48 B8 4B 59 86 38
[06.06.2023 00:48:18] [Stack] GTA5.exe.1605C37  (0x7ff7fa355c37)  | 48 8B 5B 18 48 85 DB 75 EE 48 83 C4 20 5B C3 90
[06.06.2023 00:48:18] [Stack] GTA5.exe.1F19101  (0x7ff7fac69101)  |  0  0  0  0  0  0  0  0  0  0  0  0  0  0  0  0
[06.06.2023 00:48:18] [Stack] GTA5.exe.27636  (0x7ff7f8d77636)  | E8 A5 5D 5A  0 C6  5 42 76 DA  1  1 48 8D  D 37
[06.06.2023 00:48:18] [Stack] GTA5.exe.1F19140  (0x7ff7fac69140)  | 98 11 71 FA F7 7F  0  0 A2 CD  E 45 3C CF  E 45
[06.06.2023 00:48:18] [Stack] GTA5.exe.1F19101  (0x7ff7fac69101)  |  0  0  0  0  0  0  0  0  0  0  0  0  0  0  0  0
[06.06.2023 00:48:18] [Stack] GTA5.exe.20D4B  (0x7ff7f8d70d4b)  | B9  5  0  0  0 E8  F 8F 93  0 48 8D  D A4 62 F1
[06.06.2023 00:48:18] [Stack] GTA5.exe.1F19140  (0x7ff7fac69140)  | 98 11 71 FA F7 7F  0  0 A2 CD  E 45 3C CF  E 45
[06.06.2023 00:48:18] [Stack] GTA5.exe.1605840  (0x7ff7fa355840)  | 8B C8 85 C9  F 84 50 FF FF FF 48 8B 5C 24 30 48
[06.06.2023 00:48:18] [Stack] GTA5.exe.1F19140  (0x7ff7fac69140)  | 98 11 71 FA F7 7F  0  0 A2 CD  E 45 3C CF  E 45
[06.06.2023 00:48:18] [Stack] GTA5.exe.12E03EB  (0x7ff7fa0303eb)  | 40 8A F8 40 8A C7 48 8B 5C 24 50 48 83 C4 20 5F
[06.06.2023 00:48:18] [Stack] GTA5.exe.1494  (0x7ff7f8d51494)  | 83 F8  2  F 95 C0 48 83 C4 28 C3 48 8B 41 10 E9
[06.06.2023 00:48:18] [Stack] GTA5.exe.12E0267  (0x7ff7fa030267)  | 84 C0 75 F6 E8  C  0  0  0 8B  5 92 D1 77  1 48
[06.06.2023 00:48:18] [Stack] GTA5.exe.2B211D0  (0x7ff7fb8711d0)  |  8 D2 5A 68 F0  1  0  0 D2 11 7F FB F7 7F  0  0
[06.06.2023 00:48:18] [Stack] GTA5.exe.19C0AC8  (0x7ff7fa710ac8)  |  0  0  0  0  0  0  0  0  0  0  0  0  0  0  0  0
[06.06.2023 00:48:18] [Stack] GTA5.exe.17F7EA4  (0x7ff7fa547ea4)  | 8B F8 89 44 24 20 85 DB 75  7 8B C8 E8 F7 D3  0
[06.06.2023 00:48:18] [Stack] KERNEL32.DLL.126AD  (0x7ffddd2d26ad)  | 8B C8 48 FF 15 3A 26  7  0  F 1F 44  0  0 CC 48
[06.06.2023 00:48:18] [Stack] ntdll.dll.5A9F8  (0x7ffdde68a9f8)  | EB 1F 48 8B D1 49 8B C8 E8 6B 3E  4  0 8B C8 E8
